{"total": {"lines":{"total":11666,"covered":1758,"skipped":0,"pct":15.06},"statements":{"total":11949,"covered":1785,"skipped":0,"pct":14.93},"functions":{"total":3095,"covered":389,"skipped":0,"pct":12.56},"branches":{"total":5247,"covered":499,"skipped":0,"pct":9.51},"branchesTrue":{"total":0,"covered":0,"skipped":0,"pct":100}}
,"/Users/shayford/Desktop/Dev/Projects/icb/apps/api/src/instrumentation.ts": {"lines":{"total":3,"covered":0,"skipped":0,"pct":0},"functions":{"total":0,"covered":0,"skipped":0,"pct":100},"statements":{"total":3,"covered":0,"skipped":0,"pct":0},"branches":{"total":6,"covered":0,"skipped":0,"pct":0}}
,"/Users/shayford/Desktop/Dev/Projects/icb/apps/api/src/common/crypto/field-crypto.constants.ts": {"lines":{"total":6,"covered":0,"skipped":0,"pct":0},"functions":{"total":0,"covered":0,"skipped":0,"pct":100},"statements":{"total":6,"covered":0,"skipped":0,"pct":0},"branches":{"total":0,"covered":0,"skipped":0,"pct":100}}
,"/Users/shayford/Desktop/Dev/Projects/icb/apps/api/src/common/crypto/field-crypto.ts": {"lines":{"total":14,"covered":0,"skipped":0,"pct":0},"functions":{"total":3,"covered":0,"skipped":0,"pct":0},"statements":{"total":14,"covered":0,"skipped":0,"pct":0},"branches":{"total":9,"covered":0,"skipped":0,"pct":0}}
,"/Users/shayford/Desktop/Dev/Projects/icb/apps/api/src/common/crypto/field-encryption.service.ts": {"lines":{"total":4,"covered":0,"skipped":0,"pct":0},"functions":{"total":3,"covered":0,"skipped":0,"pct":0},"statements":{"total":4,"covered":0,"skipped":0,"pct":0},"branches":{"total":0,"covered":0,"skipped":0,"pct":100}}
,"/Users/shayford/Desktop/Dev/Projects/icb/apps/api/src/common/decorators/audit-action.decorator.ts": {"lines":{"total":3,"covered":3,"skipped":0,"pct":100},"functions":{"total":1,"covered":1,"skipped":0,"pct":100},"statements":{"total":3,"covered":3,"skipped":0,"pct":100},"branches":{"total":0,"covered":0,"skipped":0,"pct":100}}
,"/Users/shayford/Desktop/Dev/Projects/icb/apps/api/src/common/decorators/current-user.decorator.ts": {"lines":{"total":11,"covered":2,"skipped":0,"pct":18.18},"functions":{"total":2,"covered":0,"skipped":0,"pct":0},"statements":{"total":11,"covered":2,"skipped":0,"pct":18.18},"branches":{"total":4,"covered":0,"skipped":0,"pct":0}}
,"/Users/shayford/Desktop/Dev/Projects/icb/apps/api/src/common/decorators/idempotent.decorator.ts": {"lines":{"total":2,"covered":2,"skipped":0,"pct":100},"functions":{"total":1,"covered":1,"skipped":0,"pct":100},"statements":{"total":3,"covered":3,"skipped":0,"pct":100},"branches":{"total":0,"covered":0,"skipped":0,"pct":100}}
,"/Users/shayford/Desktop/Dev/Projects/icb/apps/api/src/common/decorators/permissions.decorator.ts": {"lines":{"total":3,"covered":0,"skipped":0,"pct":0},"functions":{"total":1,"covered":0,"skipped":0,"pct":0},"statements":{"total":3,"covered":0,"skipped":0,"pct":0},"branches":{"total":0,"covered":0,"skipped":0,"pct":100}}
,"/Users/shayford/Desktop/Dev/Projects/icb/apps/api/src/common/decorators/public.decorator.ts": {"lines":{"total":2,"covered":0,"skipped":0,"pct":0},"functions":{"total":1,"covered":0,"skipped":0,"pct":0},"statements":{"total":3,"covered":0,"skipped":0,"pct":0},"branches":{"total":0,"covered":0,"skipped":0,"pct":100}}
,"/Users/shayford/Desktop/Dev/Projects/icb/apps/api/src/common/decorators/require-step-up.decorator.ts": {"lines":{"total":4,"covered":0,"skipped":0,"pct":0},"functions":{"total":1,"covered":0,"skipped":0,"pct":0},"statements":{"total":4,"covered":0,"skipped":0,"pct":0},"branches":{"total":0,"covered":0,"skipped":0,"pct":100}}
,"/Users/shayford/Desktop/Dev/Projects/icb/apps/api/src/common/decorators/roles.decorator.ts": {"lines":{"total":3,"covered":3,"skipped":0,"pct":100},"functions":{"total":1,"covered":1,"skipped":0,"pct":100},"statements":{"total":3,"covered":3,"skipped":0,"pct":100},"branches":{"total":0,"covered":0,"skipped":0,"pct":100}}
,"/Users/shayford/Desktop/Dev/Projects/icb/apps/api/src/common/errors/domain-errors.ts": {"lines":{"total":14,"covered":6,"skipped":0,"pct":42.85},"functions":{"total":14,"covered":6,"skipped":0,"pct":42.85},"statements":{"total":14,"covered":6,"skipped":0,"pct":42.85},"branches":{"total":3,"covered":3,"skipped":0,"pct":100}}
,"/Users/shayford/Desktop/Dev/Projects/icb/apps/api/src/common/errors/domain.error.ts": {"lines":{"total":9,"covered":7,"skipped":0,"pct":77.77},"functions":{"total":2,"covered":1,"skipped":0,"pct":50},"statements":{"total":9,"covered":7,"skipped":0,"pct":77.77},"branches":{"total":7,"covered":5,"skipped":0,"pct":71.42}}
,"/Users/shayford/Desktop/Dev/Projects/icb/apps/api/src/common/errors/index.ts": {"lines":{"total":0,"covered":0,"skipped":0,"pct":100},"functions":{"total":0,"covered":0,"skipped":0,"pct":100},"statements":{"total":0,"covered":0,"skipped":0,"pct":100},"branches":{"total":0,"covered":0,"skipped":0,"pct":100}}
,"/Users/shayford/Desktop/Dev/Projects/icb/apps/api/src/common/filters/problem-details.constants.ts": {"lines":{"total":5,"covered":0,"skipped":0,"pct":0},"functions":{"total":3,"covered":0,"skipped":0,"pct":0},"statements":{"total":6,"covered":0,"skipped":0,"pct":0},"branches":{"total":6,"covered":0,"skipped":0,"pct":0}}
,"/Users/shayford/Desktop/Dev/Projects/icb/apps/api/src/common/filters/problem-details.filter.ts": {"lines":{"total":28,"covered":0,"skipped":0,"pct":0},"functions":{"total":8,"covered":0,"skipped":0,"pct":0},"statements":{"total":28,"covered":0,"skipped":0,"pct":0},"branches":{"total":14,"covered":0,"skipped":0,"pct":0}}
,"/Users/shayford/Desktop/Dev/Projects/icb/apps/api/src/common/guards/jwt-auth.guard.ts": {"lines":{"total":19,"covered":0,"skipped":0,"pct":0},"functions":{"total":3,"covered":0,"skipped":0,"pct":0},"statements":{"total":19,"covered":0,"skipped":0,"pct":0},"branches":{"total":10,"covered":0,"skipped":0,"pct":0}}
,"/Users/shayford/Desktop/Dev/Projects/icb/apps/api/src/common/guards/permissions.constants.ts": {"lines":{"total":12,"covered":0,"skipped":0,"pct":0},"functions":{"total":1,"covered":0,"skipped":0,"pct":0},"statements":{"total":12,"covered":0,"skipped":0,"pct":0},"branches":{"total":2,"covered":0,"skipped":0,"pct":0}}
,"/Users/shayford/Desktop/Dev/Projects/icb/apps/api/src/common/guards/permissions.guard.ts": {"lines":{"total":12,"covered":0,"skipped":0,"pct":0},"functions":{"total":3,"covered":0,"skipped":0,"pct":0},"statements":{"total":13,"covered":0,"skipped":0,"pct":0},"branches":{"total":10,"covered":0,"skipped":0,"pct":0}}
,"/Users/shayford/Desktop/Dev/Projects/icb/apps/api/src/common/guards/roles.guard.ts": {"lines":{"total":11,"covered":2,"skipped":0,"pct":18.18},"functions":{"total":3,"covered":0,"skipped":0,"pct":0},"statements":{"total":12,"covered":2,"skipped":0,"pct":16.66},"branches":{"total":10,"covered":1,"skipped":0,"pct":10}}
,"/Users/shayford/Desktop/Dev/Projects/icb/apps/api/src/common/guards/step-up.guard.ts": {"lines":{"total":20,"covered":0,"skipped":0,"pct":0},"functions":{"total":3,"covered":0,"skipped":0,"pct":0},"statements":{"total":20,"covered":0,"skipped":0,"pct":0},"branches":{"total":14,"covered":0,"skipped":0,"pct":0}}
,"/Users/shayford/Desktop/Dev/Projects/icb/apps/api/src/common/guards/throttle.constants.ts": {"lines":{"total":4,"covered":0,"skipped":0,"pct":0},"functions":{"total":0,"covered":0,"skipped":0,"pct":100},"statements":{"total":4,"covered":0,"skipped":0,"pct":0},"branches":{"total":0,"covered":0,"skipped":0,"pct":100}}
,"/Users/shayford/Desktop/Dev/Projects/icb/apps/api/src/common/guards/throttle.guard.ts": {"lines":{"total":9,"covered":0,"skipped":0,"pct":0},"functions":{"total":2,"covered":0,"skipped":0,"pct":0},"statements":{"total":9,"covered":0,"skipped":0,"pct":0},"branches":{"total":4,"covered":0,"skipped":0,"pct":0}}
,"/Users/shayford/Desktop/Dev/Projects/icb/apps/api/src/common/interceptors/correlation.interceptor.ts": {"lines":{"total":12,"covered":0,"skipped":0,"pct":0},"functions":{"total":1,"covered":0,"skipped":0,"pct":0},"statements":{"total":12,"covered":0,"skipped":0,"pct":0},"branches":{"total":6,"covered":0,"skipped":0,"pct":0}}
,"/Users/shayford/Desktop/Dev/Projects/icb/apps/api/src/common/interceptors/idempotency-store.port.ts": {"lines":{"total":1,"covered":0,"skipped":0,"pct":0},"functions":{"total":0,"covered":0,"skipped":0,"pct":100},"statements":{"total":1,"covered":0,"skipped":0,"pct":0},"branches":{"total":0,"covered":0,"skipped":0,"pct":100}}
,"/Users/shayford/Desktop/Dev/Projects/icb/apps/api/src/common/interceptors/idempotency.interceptor.ts": {"lines":{"total":42,"covered":0,"skipped":0,"pct":0},"functions":{"total":11,"covered":0,"skipped":0,"pct":0},"statements":{"total":43,"covered":0,"skipped":0,"pct":0},"branches":{"total":18,"covered":0,"skipped":0,"pct":0}}
,"/Users/shayford/Desktop/Dev/Projects/icb/apps/api/src/common/interceptors/logging.interceptor.ts": {"lines":{"total":17,"covered":0,"skipped":0,"pct":0},"functions":{"total":5,"covered":0,"skipped":0,"pct":0},"statements":{"total":17,"covered":0,"skipped":0,"pct":0},"branches":{"total":4,"covered":0,"skipped":0,"pct":0}}
,"/Users/shayford/Desktop/Dev/Projects/icb/apps/api/src/common/interceptors/redact.ts": {"lines":{"total":13,"covered":0,"skipped":0,"pct":0},"functions":{"total":5,"covered":0,"skipped":0,"pct":0},"statements":{"total":15,"covered":0,"skipped":0,"pct":0},"branches":{"total":14,"covered":0,"skipped":0,"pct":0}}
,"/Users/shayford/Desktop/Dev/Projects/icb/apps/api/src/common/interceptors/redaction.constants.ts": {"lines":{"total":3,"covered":0,"skipped":0,"pct":0},"functions":{"total":0,"covered":0,"skipped":0,"pct":100},"statements":{"total":3,"covered":0,"skipped":0,"pct":0},"branches":{"total":0,"covered":0,"skipped":0,"pct":100}}
,"/Users/shayford/Desktop/Dev/Projects/icb/apps/api/src/common/interceptors/timing.interceptor.ts": {"lines":{"total":19,"covered":0,"skipped":0,"pct":0},"functions":{"total":7,"covered":0,"skipped":0,"pct":0},"statements":{"total":20,"covered":0,"skipped":0,"pct":0},"branches":{"total":8,"covered":0,"skipped":0,"pct":0}}
,"/Users/shayford/Desktop/Dev/Projects/icb/apps/api/src/common/observability/correlation.constants.ts": {"lines":{"total":3,"covered":0,"skipped":0,"pct":0},"functions":{"total":0,"covered":0,"skipped":0,"pct":100},"statements":{"total":3,"covered":0,"skipped":0,"pct":0},"branches":{"total":0,"covered":0,"skipped":0,"pct":100}}
,"/Users/shayford/Desktop/Dev/Projects/icb/apps/api/src/common/observability/correlation.context.ts": {"lines":{"total":4,"covered":0,"skipped":0,"pct":0},"functions":{"total":3,"covered":0,"skipped":0,"pct":0},"statements":{"total":4,"covered":0,"skipped":0,"pct":0},"branches":{"total":2,"covered":0,"skipped":0,"pct":0}}
,"/Users/shayford/Desktop/Dev/Projects/icb/apps/api/src/common/observability/logger.config.ts": {"lines":{"total":15,"covered":0,"skipped":0,"pct":0},"functions":{"total":10,"covered":0,"skipped":0,"pct":0},"statements":{"total":18,"covered":0,"skipped":0,"pct":0},"branches":{"total":18,"covered":0,"skipped":0,"pct":0}}
,"/Users/shayford/Desktop/Dev/Projects/icb/apps/api/src/common/observability/metrics.controller.ts": {"lines":{"total":3,"covered":0,"skipped":0,"pct":0},"functions":{"total":2,"covered":0,"skipped":0,"pct":0},"statements":{"total":3,"covered":0,"skipped":0,"pct":0},"branches":{"total":0,"covered":0,"skipped":0,"pct":100}}
,"/Users/shayford/Desktop/Dev/Projects/icb/apps/api/src/common/observability/metrics.registry.ts": {"lines":{"total":16,"covered":3,"skipped":0,"pct":18.75},"functions":{"total":3,"covered":0,"skipped":0,"pct":0},"statements":{"total":16,"covered":3,"skipped":0,"pct":18.75},"branches":{"total":0,"covered":0,"skipped":0,"pct":100}}
,"/Users/shayford/Desktop/Dev/Projects/icb/apps/api/src/common/observability/metrics.service.ts": {"lines":{"total":13,"covered":2,"skipped":0,"pct":15.38},"functions":{"total":10,"covered":0,"skipped":0,"pct":0},"statements":{"total":13,"covered":2,"skipped":0,"pct":15.38},"branches":{"total":2,"covered":0,"skipped":0,"pct":0}}
,"/Users/shayford/Desktop/Dev/Projects/icb/apps/api/src/common/observability/queue-depth.collector.ts": {"lines":{"total":38,"covered":0,"skipped":0,"pct":0},"functions":{"total":11,"covered":0,"skipped":0,"pct":0},"statements":{"total":38,"covered":0,"skipped":0,"pct":0},"branches":{"total":14,"covered":0,"skipped":0,"pct":0}}
,"/Users/shayford/Desktop/Dev/Projects/icb/apps/api/src/common/observability/redaction.ts": {"lines":{"total":12,"covered":0,"skipped":0,"pct":0},"functions":{"total":5,"covered":0,"skipped":0,"pct":0},"statements":{"total":12,"covered":0,"skipped":0,"pct":0},"branches":{"total":4,"covered":0,"skipped":0,"pct":0}}
,"/Users/shayford/Desktop/Dev/Projects/icb/apps/api/src/common/observability/tracing.ts": {"lines":{"total":5,"covered":0,"skipped":0,"pct":0},"functions":{"total":2,"covered":0,"skipped":0,"pct":0},"statements":{"total":6,"covered":0,"skipped":0,"pct":0},"branches":{"total":0,"covered":0,"skipped":0,"pct":100}}
,"/Users/shayford/Desktop/Dev/Projects/icb/apps/api/src/common/observability/__tests__/metrics.stub.ts": {"lines":{"total":1,"covered":0,"skipped":0,"pct":0},"functions":{"total":1,"covered":0,"skipped":0,"pct":0},"statements":{"total":1,"covered":0,"skipped":0,"pct":0},"branches":{"total":0,"covered":0,"skipped":0,"pct":100}}
,"/Users/shayford/Desktop/Dev/Projects/icb/apps/api/src/common/pagination/cursor.ts": {"lines":{"total":15,"covered":13,"skipped":0,"pct":86.66},"functions":{"total":3,"covered":3,"skipped":0,"pct":100},"statements":{"total":15,"covered":13,"skipped":0,"pct":86.66},"branches":{"total":13,"covered":11,"skipped":0,"pct":84.61}}
,"/Users/shayford/Desktop/Dev/Projects/icb/apps/api/src/common/pagination/offset.ts": {"lines":{"total":2,"covered":0,"skipped":0,"pct":0},"functions":{"total":2,"covered":0,"skipped":0,"pct":0},"statements":{"total":2,"covered":0,"skipped":0,"pct":0},"branches":{"total":2,"covered":0,"skipped":0,"pct":0}}
,"/Users/shayford/Desktop/Dev/Projects/icb/apps/api/src/common/pipes/mongo-injection-guard.ts": {"lines":{"total":12,"covered":0,"skipped":0,"pct":0},"functions":{"total":5,"covered":0,"skipped":0,"pct":0},"statements":{"total":13,"covered":0,"skipped":0,"pct":0},"branches":{"total":14,"covered":0,"skipped":0,"pct":0}}
,"/Users/shayford/Desktop/Dev/Projects/icb/apps/api/src/common/pipes/zod-validation.pipe.ts": {"lines":{"total":34,"covered":4,"skipped":0,"pct":11.76},"functions":{"total":10,"covered":2,"skipped":0,"pct":20},"statements":{"total":34,"covered":4,"skipped":0,"pct":11.76},"branches":{"total":27,"covered":0,"skipped":0,"pct":0}}
,"/Users/shayford/Desktop/Dev/Projects/icb/apps/api/src/config/configuration.ts": {"lines":{"total":14,"covered":1,"skipped":0,"pct":7.14},"functions":{"total":7,"covered":0,"skipped":0,"pct":0},"statements":{"total":15,"covered":1,"skipped":0,"pct":6.66},"branches":{"total":10,"covered":0,"skipped":0,"pct":0}}
,"/Users/shayford/Desktop/Dev/Projects/icb/apps/api/src/infrastructure/cache/cache.constants.ts": {"lines":{"total":5,"covered":0,"skipped":0,"pct":0},"functions":{"total":0,"covered":0,"skipped":0,"pct":100},"statements":{"total":5,"covered":0,"skipped":0,"pct":0},"branches":{"total":0,"covered":0,"skipped":0,"pct":100}}
,"/Users/shayford/Desktop/Dev/Projects/icb/apps/api/src/infrastructure/cache/cache.service.ts": {"lines":{"total":31,"covered":0,"skipped":0,"pct":0},"functions":{"total":8,"covered":0,"skipped":0,"pct":0},"statements":{"total":31,"covered":0,"skipped":0,"pct":0},"branches":{"total":11,"covered":0,"skipped":0,"pct":0}}
,"/Users/shayford/Desktop/Dev/Projects/icb/apps/api/src/infrastructure/cache/redis.client.ts": {"lines":{"total":2,"covered":0,"skipped":0,"pct":0},"functions":{"total":1,"covered":0,"skipped":0,"pct":0},"statements":{"total":2,"covered":0,"skipped":0,"pct":0},"branches":{"total":0,"covered":0,"skipped":0,"pct":100}}
,"/Users/shayford/Desktop/Dev/Projects/icb/apps/api/src/infrastructure/database/base.repository.ts": {"lines":{"total":30,"covered":0,"skipped":0,"pct":0},"functions":{"total":6,"covered":0,"skipped":0,"pct":0},"statements":{"total":30,"covered":0,"skipped":0,"pct":0},"branches":{"total":21,"covered":0,"skipped":0,"pct":0}}
,"/Users/shayford/Desktop/Dev/Projects/icb/apps/api/src/infrastructure/database/database.constants.ts": {"lines":{"total":4,"covered":4,"skipped":0,"pct":100},"functions":{"total":0,"covered":0,"skipped":0,"pct":100},"statements":{"total":4,"covered":4,"skipped":0,"pct":100},"branches":{"total":0,"covered":0,"skipped":0,"pct":100}}
,"/Users/shayford/Desktop/Dev/Projects/icb/apps/api/src/infrastructure/database/identifier.ts": {"lines":{"total":14,"covered":8,"skipped":0,"pct":57.14},"functions":{"total":5,"covered":2,"skipped":0,"pct":40},"statements":{"total":16,"covered":9,"skipped":0,"pct":56.25},"branches":{"total":7,"covered":2,"skipped":0,"pct":28.57}}
,"/Users/shayford/Desktop/Dev/Projects/icb/apps/api/src/infrastructure/database/index-sync.service.ts": {"lines":{"total":10,"covered":0,"skipped":0,"pct":0},"functions":{"total":2,"covered":0,"skipped":0,"pct":0},"statements":{"total":10,"covered":0,"skipped":0,"pct":0},"branches":{"total":2,"covered":0,"skipped":0,"pct":0}}
,"/Users/shayford/Desktop/Dev/Projects/icb/apps/api/src/infrastructure/database/keyed-mutex.ts": {"lines":{"total":31,"covered":0,"skipped":0,"pct":0},"functions":{"total":7,"covered":0,"skipped":0,"pct":0},"statements":{"total":32,"covered":0,"skipped":0,"pct":0},"branches":{"total":14,"covered":0,"skipped":0,"pct":0}}
,"/Users/shayford/Desktop/Dev/Projects/icb/apps/api/src/infrastructure/database/mongo-errors.ts": {"lines":{"total":1,"covered":1,"skipped":0,"pct":100},"functions":{"total":1,"covered":1,"skipped":0,"pct":100},"statements":{"total":1,"covered":1,"skipped":0,"pct":100},"branches":{"total":4,"covered":4,"skipped":0,"pct":100}}
,"/Users/shayford/Desktop/Dev/Projects/icb/apps/api/src/infrastructure/database/transaction.manager.ts": {"lines":{"total":34,"covered":6,"skipped":0,"pct":17.64},"functions":{"total":9,"covered":0,"skipped":0,"pct":0},"statements":{"total":37,"covered":6,"skipped":0,"pct":16.21},"branches":{"total":13,"covered":0,"skipped":0,"pct":0}}
,"/Users/shayford/Desktop/Dev/Projects/icb/apps/api/src/infrastructure/idempotency/idempotency-store.service.ts": {"lines":{"total":25,"covered":0,"skipped":0,"pct":0},"functions":{"total":6,"covered":0,"skipped":0,"pct":0},"statements":{"total":25,"covered":0,"skipped":0,"pct":0},"branches":{"total":14,"covered":0,"skipped":0,"pct":0}}
,"/Users/shayford/Desktop/Dev/Projects/icb/apps/api/src/infrastructure/idempotency/idempotency.constants.ts": {"lines":{"total":1,"covered":0,"skipped":0,"pct":0},"functions":{"total":0,"covered":0,"skipped":0,"pct":100},"statements":{"total":1,"covered":0,"skipped":0,"pct":0},"branches":{"total":0,"covered":0,"skipped":0,"pct":100}}
,"/Users/shayford/Desktop/Dev/Projects/icb/apps/api/src/infrastructure/idempotency/idempotency.schemas.ts": {"lines":{"total":12,"covered":0,"skipped":0,"pct":0},"functions":{"total":0,"covered":0,"skipped":0,"pct":100},"statements":{"total":12,"covered":0,"skipped":0,"pct":0},"branches":{"total":2,"covered":0,"skipped":0,"pct":0}}
,"/Users/shayford/Desktop/Dev/Projects/icb/apps/api/src/infrastructure/outbox/outbox-consumer.service.ts": {"lines":{"total":28,"covered":0,"skipped":0,"pct":0},"functions":{"total":6,"covered":0,"skipped":0,"pct":0},"statements":{"total":28,"covered":0,"skipped":0,"pct":0},"branches":{"total":14,"covered":0,"skipped":0,"pct":0}}
,"/Users/shayford/Desktop/Dev/Projects/icb/apps/api/src/infrastructure/outbox/outbox-drain.processor.ts": {"lines":{"total":47,"covered":0,"skipped":0,"pct":0},"functions":{"total":12,"covered":0,"skipped":0,"pct":0},"statements":{"total":48,"covered":0,"skipped":0,"pct":0},"branches":{"total":14,"covered":0,"skipped":0,"pct":0}}
,"/Users/shayford/Desktop/Dev/Projects/icb/apps/api/src/infrastructure/outbox/outbox.constants.ts": {"lines":{"total":5,"covered":0,"skipped":0,"pct":0},"functions":{"total":0,"covered":0,"skipped":0,"pct":100},"statements":{"total":5,"covered":0,"skipped":0,"pct":0},"branches":{"total":0,"covered":0,"skipped":0,"pct":100}}
,"/Users/shayford/Desktop/Dev/Projects/icb/apps/api/src/infrastructure/outbox/outbox.schemas.ts": {"lines":{"total":21,"covered":0,"skipped":0,"pct":0},"functions":{"total":0,"covered":0,"skipped":0,"pct":100},"statements":{"total":21,"covered":0,"skipped":0,"pct":0},"branches":{"total":6,"covered":0,"skipped":0,"pct":0}}
,"/Users/shayford/Desktop/Dev/Projects/icb/apps/api/src/infrastructure/outbox/outbox.service.ts": {"lines":{"total":7,"covered":0,"skipped":0,"pct":0},"functions":{"total":2,"covered":0,"skipped":0,"pct":0},"statements":{"total":7,"covered":0,"skipped":0,"pct":0},"branches":{"total":6,"covered":0,"skipped":0,"pct":0}}
,"/Users/shayford/Desktop/Dev/Projects/icb/apps/api/src/infrastructure/queue/base.processor.ts": {"lines":{"total":20,"covered":0,"skipped":0,"pct":0},"functions":{"total":6,"covered":0,"skipped":0,"pct":0},"statements":{"total":20,"covered":0,"skipped":0,"pct":0},"branches":{"total":19,"covered":0,"skipped":0,"pct":0}}
,"/Users/shayford/Desktop/Dev/Projects/icb/apps/api/src/infrastructure/queue/queue.constants.ts": {"lines":{"total":3,"covered":0,"skipped":0,"pct":0},"functions":{"total":0,"covered":0,"skipped":0,"pct":100},"statements":{"total":3,"covered":0,"skipped":0,"pct":0},"branches":{"total":0,"covered":0,"skipped":0,"pct":100}}
,"/Users/shayford/Desktop/Dev/Projects/icb/apps/api/src/modules/accounts/accounts.constants.ts": {"lines":{"total":6,"covered":6,"skipped":0,"pct":100},"functions":{"total":0,"covered":0,"skipped":0,"pct":100},"statements":{"total":6,"covered":6,"skipped":0,"pct":100},"branches":{"total":0,"covered":0,"skipped":0,"pct":100}}
,"/Users/shayford/Desktop/Dev/Projects/icb/apps/api/src/modules/accounts/accounts.controller.ts": {"lines":{"total":20,"covered":0,"skipped":0,"pct":0},"functions":{"total":9,"covered":0,"skipped":0,"pct":0},"statements":{"total":20,"covered":0,"skipped":0,"pct":0},"branches":{"total":0,"covered":0,"skipped":0,"pct":100}}
,"/Users/shayford/Desktop/Dev/Projects/icb/apps/api/src/modules/accounts/accounts.service.ts": {"lines":{"total":56,"covered":1,"skipped":0,"pct":1.78},"functions":{"total":15,"covered":0,"skipped":0,"pct":0},"statements":{"total":59,"covered":1,"skipped":0,"pct":1.69},"branches":{"total":34,"covered":0,"skipped":0,"pct":0}}
,"/Users/shayford/Desktop/Dev/Projects/icb/apps/api/src/modules/accounts/admin-accounts.controller.ts": {"lines":{"total":4,"covered":0,"skipped":0,"pct":0},"functions":{"total":3,"covered":0,"skipped":0,"pct":0},"statements":{"total":4,"covered":0,"skipped":0,"pct":0},"branches":{"total":0,"covered":0,"skipped":0,"pct":100}}
,"/Users/shayford/Desktop/Dev/Projects/icb/apps/api/src/modules/accounts/application/account-closure.service.ts": {"lines":{"total":25,"covered":0,"skipped":0,"pct":0},"functions":{"total":4,"covered":0,"skipped":0,"pct":0},"statements":{"total":25,"covered":0,"skipped":0,"pct":0},"branches":{"total":14,"covered":0,"skipped":0,"pct":0}}
,"/Users/shayford/Desktop/Dev/Projects/icb/apps/api/src/modules/accounts/application/account-holds.service.ts": {"lines":{"total":4,"covered":0,"skipped":0,"pct":0},"functions":{"total":2,"covered":0,"skipped":0,"pct":0},"statements":{"total":4,"covered":0,"skipped":0,"pct":0},"branches":{"total":0,"covered":0,"skipped":0,"pct":100}}
,"/Users/shayford/Desktop/Dev/Projects/icb/apps/api/src/modules/accounts/application/account-opening.service.ts": {"lines":{"total":16,"covered":0,"skipped":0,"pct":0},"functions":{"total":3,"covered":0,"skipped":0,"pct":0},"statements":{"total":16,"covered":0,"skipped":0,"pct":0},"branches":{"total":8,"covered":0,"skipped":0,"pct":0}}
,"/Users/shayford/Desktop/Dev/Projects/icb/apps/api/src/modules/accounts/application/account-profile.service.ts": {"lines":{"total":11,"covered":0,"skipped":0,"pct":0},"functions":{"total":2,"covered":0,"skipped":0,"pct":0},"statements":{"total":14,"covered":0,"skipped":0,"pct":0},"branches":{"total":10,"covered":0,"skipped":0,"pct":0}}
,"/Users/shayford/Desktop/Dev/Projects/icb/apps/api/src/modules/accounts/application/account-status.service.ts": {"lines":{"total":27,"covered":0,"skipped":0,"pct":0},"functions":{"total":6,"covered":0,"skipped":0,"pct":0},"statements":{"total":27,"covered":0,"skipped":0,"pct":0},"branches":{"total":12,"covered":0,"skipped":0,"pct":0}}
,"/Users/shayford/Desktop/Dev/Projects/icb/apps/api/src/modules/accounts/application/balance-history.service.ts": {"lines":{"total":18,"covered":0,"skipped":0,"pct":0},"functions":{"total":4,"covered":0,"skipped":0,"pct":0},"statements":{"total":18,"covered":0,"skipped":0,"pct":0},"branches":{"total":4,"covered":0,"skipped":0,"pct":0}}
,"/Users/shayford/Desktop/Dev/Projects/icb/apps/api/src/modules/accounts/domain/account-limits.ts": {"lines":{"total":7,"covered":0,"skipped":0,"pct":0},"functions":{"total":3,"covered":0,"skipped":0,"pct":0},"statements":{"total":8,"covered":0,"skipped":0,"pct":0},"branches":{"total":7,"covered":0,"skipped":0,"pct":0}}
,"/Users/shayford/Desktop/Dev/Projects/icb/apps/api/src/modules/accounts/domain/account-number.ts": {"lines":{"total":33,"covered":2,"skipped":0,"pct":6.06},"functions":{"total":9,"covered":0,"skipped":0,"pct":0},"statements":{"total":38,"covered":2,"skipped":0,"pct":5.26},"branches":{"total":13,"covered":0,"skipped":0,"pct":0}}
,"/Users/shayford/Desktop/Dev/Projects/icb/apps/api/src/modules/accounts/domain/account-status-machine.ts": {"lines":{"total":4,"covered":0,"skipped":0,"pct":0},"functions":{"total":2,"covered":0,"skipped":0,"pct":0},"statements":{"total":4,"covered":0,"skipped":0,"pct":0},"branches":{"total":4,"covered":0,"skipped":0,"pct":0}}
,"/Users/shayford/Desktop/Dev/Projects/icb/apps/api/src/modules/accounts/domain/account.errors.ts": {"lines":{"total":4,"covered":0,"skipped":0,"pct":0},"functions":{"total":4,"covered":0,"skipped":0,"pct":0},"statements":{"total":4,"covered":0,"skipped":0,"pct":0},"branches":{"total":0,"covered":0,"skipped":0,"pct":100}}
,"/Users/shayford/Desktop/Dev/Projects/icb/apps/api/src/modules/accounts/domain/balance-history.ts": {"lines":{"total":36,"covered":0,"skipped":0,"pct":0},"functions":{"total":12,"covered":0,"skipped":0,"pct":0},"statements":{"total":42,"covered":0,"skipped":0,"pct":0},"branches":{"total":24,"covered":0,"skipped":0,"pct":0}}
,"/Users/shayford/Desktop/Dev/Projects/icb/apps/api/src/modules/accounts/domain/product-catalogue.ts": {"lines":{"total":4,"covered":0,"skipped":0,"pct":0},"functions":{"total":2,"covered":0,"skipped":0,"pct":0},"statements":{"total":5,"covered":0,"skipped":0,"pct":0},"branches":{"total":2,"covered":0,"skipped":0,"pct":0}}
,"/Users/shayford/Desktop/Dev/Projects/icb/apps/api/src/modules/accounts/infrastructure/account.factory.ts": {"lines":{"total":1,"covered":0,"skipped":0,"pct":0},"functions":{"total":1,"covered":0,"skipped":0,"pct":0},"statements":{"total":1,"covered":0,"skipped":0,"pct":0},"branches":{"total":8,"covered":0,"skipped":0,"pct":0}}
,"/Users/shayford/Desktop/Dev/Projects/icb/apps/api/src/modules/accounts/infrastructure/account.mapper.ts": {"lines":{"total":6,"covered":1,"skipped":0,"pct":16.66},"functions":{"total":5,"covered":1,"skipped":0,"pct":20},"statements":{"total":6,"covered":1,"skipped":0,"pct":16.66},"branches":{"total":8,"covered":0,"skipped":0,"pct":0}}
,"/Users/shayford/Desktop/Dev/Projects/icb/apps/api/src/modules/accounts/infrastructure/account.schemas.ts": {"lines":{"total":27,"covered":27,"skipped":0,"pct":100},"functions":{"total":0,"covered":0,"skipped":0,"pct":100},"statements":{"total":27,"covered":27,"skipped":0,"pct":100},"branches":{"total":2,"covered":1,"skipped":0,"pct":50}}
,"/Users/shayford/Desktop/Dev/Projects/icb/apps/api/src/modules/accounts/infrastructure/hold.mapper.ts": {"lines":{"total":1,"covered":0,"skipped":0,"pct":0},"functions":{"total":1,"covered":0,"skipped":0,"pct":0},"statements":{"total":1,"covered":0,"skipped":0,"pct":0},"branches":{"total":2,"covered":0,"skipped":0,"pct":0}}
,"/Users/shayford/Desktop/Dev/Projects/icb/apps/api/src/modules/accruals/accruals.constants.ts": {"lines":{"total":21,"covered":0,"skipped":0,"pct":0},"functions":{"total":1,"covered":0,"skipped":0,"pct":0},"statements":{"total":21,"covered":0,"skipped":0,"pct":0},"branches":{"total":0,"covered":0,"skipped":0,"pct":100}}
,"/Users/shayford/Desktop/Dev/Projects/icb/apps/api/src/modules/accruals/accruals.processor.ts": {"lines":{"total":7,"covered":0,"skipped":0,"pct":0},"functions":{"total":2,"covered":0,"skipped":0,"pct":0},"statements":{"total":7,"covered":0,"skipped":0,"pct":0},"branches":{"total":4,"covered":0,"skipped":0,"pct":0}}
,"/Users/shayford/Desktop/Dev/Projects/icb/apps/api/src/modules/accruals/accruals.service.ts": {"lines":{"total":22,"covered":0,"skipped":0,"pct":0},"functions":{"total":3,"covered":0,"skipped":0,"pct":0},"statements":{"total":22,"covered":0,"skipped":0,"pct":0},"branches":{"total":8,"covered":0,"skipped":0,"pct":0}}
,"/Users/shayford/Desktop/Dev/Projects/icb/apps/api/src/modules/accruals/capitalisation.service.ts": {"lines":{"total":35,"covered":0,"skipped":0,"pct":0},"functions":{"total":7,"covered":0,"skipped":0,"pct":0},"statements":{"total":36,"covered":0,"skipped":0,"pct":0},"branches":{"total":18,"covered":0,"skipped":0,"pct":0}}
,"/Users/shayford/Desktop/Dev/Projects/icb/apps/api/src/modules/accruals/fee-assessment.service.ts": {"lines":{"total":48,"covered":0,"skipped":0,"pct":0},"functions":{"total":8,"covered":0,"skipped":0,"pct":0},"statements":{"total":52,"covered":0,"skipped":0,"pct":0},"branches":{"total":19,"covered":0,"skipped":0,"pct":0}}
,"/Users/shayford/Desktop/Dev/Projects/icb/apps/api/src/modules/accruals/fee-charge.service.ts": {"lines":{"total":19,"covered":0,"skipped":0,"pct":0},"functions":{"total":5,"covered":0,"skipped":0,"pct":0},"statements":{"total":19,"covered":0,"skipped":0,"pct":0},"branches":{"total":4,"covered":0,"skipped":0,"pct":0}}
,"/Users/shayford/Desktop/Dev/Projects/icb/apps/api/src/modules/accruals/interest-accrual.service.ts": {"lines":{"total":38,"covered":0,"skipped":0,"pct":0},"functions":{"total":5,"covered":0,"skipped":0,"pct":0},"statements":{"total":38,"covered":0,"skipped":0,"pct":0},"branches":{"total":22,"covered":0,"skipped":0,"pct":0}}
,"/Users/shayford/Desktop/Dev/Projects/icb/apps/api/src/modules/accruals/overdraft-fee.service.ts": {"lines":{"total":28,"covered":0,"skipped":0,"pct":0},"functions":{"total":4,"covered":0,"skipped":0,"pct":0},"statements":{"total":30,"covered":0,"skipped":0,"pct":0},"branches":{"total":17,"covered":0,"skipped":0,"pct":0}}
,"/Users/shayford/Desktop/Dev/Projects/icb/apps/api/src/modules/accruals/period-activity.service.ts": {"lines":{"total":17,"covered":0,"skipped":0,"pct":0},"functions":{"total":5,"covered":0,"skipped":0,"pct":0},"statements":{"total":17,"covered":0,"skipped":0,"pct":0},"branches":{"total":14,"covered":0,"skipped":0,"pct":0}}
,"/Users/shayford/Desktop/Dev/Projects/icb/apps/api/src/modules/accruals/domain/accrual-policy.ts": {"lines":{"total":10,"covered":0,"skipped":0,"pct":0},"functions":{"total":3,"covered":0,"skipped":0,"pct":0},"statements":{"total":11,"covered":0,"skipped":0,"pct":0},"branches":{"total":6,"covered":0,"skipped":0,"pct":0}}
,"/Users/shayford/Desktop/Dev/Projects/icb/apps/api/src/modules/accruals/domain/capitalisation.ts": {"lines":{"total":12,"covered":0,"skipped":0,"pct":0},"functions":{"total":5,"covered":0,"skipped":0,"pct":0},"statements":{"total":12,"covered":0,"skipped":0,"pct":0},"branches":{"total":5,"covered":0,"skipped":0,"pct":0}}
,"/Users/shayford/Desktop/Dev/Projects/icb/apps/api/src/modules/accruals/domain/day-count.ts": {"lines":{"total":16,"covered":0,"skipped":0,"pct":0},"functions":{"total":4,"covered":0,"skipped":0,"pct":0},"statements":{"total":16,"covered":0,"skipped":0,"pct":0},"branches":{"total":13,"covered":0,"skipped":0,"pct":0}}
,"/Users/shayford/Desktop/Dev/Projects/icb/apps/api/src/modules/accruals/domain/fee-schedule.ts": {"lines":{"total":12,"covered":0,"skipped":0,"pct":0},"functions":{"total":5,"covered":0,"skipped":0,"pct":0},"statements":{"total":12,"covered":0,"skipped":0,"pct":0},"branches":{"total":10,"covered":0,"skipped":0,"pct":0}}
,"/Users/shayford/Desktop/Dev/Projects/icb/apps/api/src/modules/accruals/domain/tiered-rates.ts": {"lines":{"total":23,"covered":0,"skipped":0,"pct":0},"functions":{"total":5,"covered":0,"skipped":0,"pct":0},"statements":{"total":24,"covered":0,"skipped":0,"pct":0},"branches":{"total":18,"covered":0,"skipped":0,"pct":0}}
,"/Users/shayford/Desktop/Dev/Projects/icb/apps/api/src/modules/accruals/domain/waivers.ts": {"lines":{"total":13,"covered":0,"skipped":0,"pct":0},"functions":{"total":2,"covered":0,"skipped":0,"pct":0},"statements":{"total":13,"covered":0,"skipped":0,"pct":0},"branches":{"total":17,"covered":0,"skipped":0,"pct":0}}
,"/Users/shayford/Desktop/Dev/Projects/icb/apps/api/src/modules/admin/admin.controller.ts": {"lines":{"total":7,"covered":0,"skipped":0,"pct":0},"functions":{"total":5,"covered":0,"skipped":0,"pct":0},"statements":{"total":7,"covered":0,"skipped":0,"pct":0},"branches":{"total":0,"covered":0,"skipped":0,"pct":100}}
,"/Users/shayford/Desktop/Dev/Projects/icb/apps/api/src/modules/admin/admin.service.ts": {"lines":{"total":40,"covered":0,"skipped":0,"pct":0},"functions":{"total":15,"covered":0,"skipped":0,"pct":0},"statements":{"total":42,"covered":0,"skipped":0,"pct":0},"branches":{"total":17,"covered":0,"skipped":0,"pct":0}}
,"/Users/shayford/Desktop/Dev/Projects/icb/apps/api/src/modules/admin/customer-directory.controller.ts": {"lines":{"total":5,"covered":0,"skipped":0,"pct":0},"functions":{"total":3,"covered":0,"skipped":0,"pct":0},"statements":{"total":5,"covered":0,"skipped":0,"pct":0},"branches":{"total":0,"covered":0,"skipped":0,"pct":100}}
,"/Users/shayford/Desktop/Dev/Projects/icb/apps/api/src/modules/admin/customer-directory.service.ts": {"lines":{"total":35,"covered":0,"skipped":0,"pct":0},"functions":{"total":13,"covered":0,"skipped":0,"pct":0},"statements":{"total":43,"covered":0,"skipped":0,"pct":0},"branches":{"total":34,"covered":0,"skipped":0,"pct":0}}
,"/Users/shayford/Desktop/Dev/Projects/icb/apps/api/src/modules/admin/manual-postings.constants.ts": {"lines":{"total":6,"covered":0,"skipped":0,"pct":0},"functions":{"total":0,"covered":0,"skipped":0,"pct":100},"statements":{"total":6,"covered":0,"skipped":0,"pct":0},"branches":{"total":0,"covered":0,"skipped":0,"pct":100}}
,"/Users/shayford/Desktop/Dev/Projects/icb/apps/api/src/modules/admin/manual-postings.processor.ts": {"lines":{"total":12,"covered":0,"skipped":0,"pct":0},"functions":{"total":3,"covered":0,"skipped":0,"pct":0},"statements":{"total":12,"covered":0,"skipped":0,"pct":0},"branches":{"total":6,"covered":0,"skipped":0,"pct":0}}
,"/Users/shayford/Desktop/Dev/Projects/icb/apps/api/src/modules/admin/manual-postings.service.ts": {"lines":{"total":36,"covered":0,"skipped":0,"pct":0},"functions":{"total":6,"covered":0,"skipped":0,"pct":0},"statements":{"total":36,"covered":0,"skipped":0,"pct":0},"branches":{"total":16,"covered":0,"skipped":0,"pct":0}}
,"/Users/shayford/Desktop/Dev/Projects/icb/apps/api/src/modules/admin/postings.controller.ts": {"lines":{"total":3,"covered":0,"skipped":0,"pct":0},"functions":{"total":2,"covered":0,"skipped":0,"pct":0},"statements":{"total":3,"covered":0,"skipped":0,"pct":0},"branches":{"total":0,"covered":0,"skipped":0,"pct":100}}
,"/Users/shayford/Desktop/Dev/Projects/icb/apps/api/src/modules/admin/system-health.controller.ts": {"lines":{"total":3,"covered":0,"skipped":0,"pct":0},"functions":{"total":2,"covered":0,"skipped":0,"pct":0},"statements":{"total":3,"covered":0,"skipped":0,"pct":0},"branches":{"total":0,"covered":0,"skipped":0,"pct":100}}
,"/Users/shayford/Desktop/Dev/Projects/icb/apps/api/src/modules/admin/system-health.service.ts": {"lines":{"total":31,"covered":0,"skipped":0,"pct":0},"functions":{"total":9,"covered":0,"skipped":0,"pct":0},"statements":{"total":33,"covered":0,"skipped":0,"pct":0},"branches":{"total":22,"covered":0,"skipped":0,"pct":0}}
,"/Users/shayford/Desktop/Dev/Projects/icb/apps/api/src/modules/admin/__tests__/fixtures.ts": {"lines":{"total":3,"covered":0,"skipped":0,"pct":0},"functions":{"total":1,"covered":0,"skipped":0,"pct":0},"statements":{"total":3,"covered":0,"skipped":0,"pct":0},"branches":{"total":1,"covered":0,"skipped":0,"pct":0}}
,"/Users/shayford/Desktop/Dev/Projects/icb/apps/api/src/modules/admin/infrastructure/manual-posting.schemas.ts": {"lines":{"total":17,"covered":0,"skipped":0,"pct":0},"functions":{"total":0,"covered":0,"skipped":0,"pct":100},"statements":{"total":17,"covered":0,"skipped":0,"pct":0},"branches":{"total":0,"covered":0,"skipped":0,"pct":100}}
,"/Users/shayford/Desktop/Dev/Projects/icb/apps/api/src/modules/aml/aml.constants.ts": {"lines":{"total":21,"covered":0,"skipped":0,"pct":0},"functions":{"total":0,"covered":0,"skipped":0,"pct":100},"statements":{"total":21,"covered":0,"skipped":0,"pct":0},"branches":{"total":0,"covered":0,"skipped":0,"pct":100}}
,"/Users/shayford/Desktop/Dev/Projects/icb/apps/api/src/modules/aml/aml.controller.ts": {"lines":{"total":7,"covered":0,"skipped":0,"pct":0},"functions":{"total":5,"covered":0,"skipped":0,"pct":0},"statements":{"total":7,"covered":0,"skipped":0,"pct":0},"branches":{"total":0,"covered":0,"skipped":0,"pct":100}}
,"/Users/shayford/Desktop/Dev/Projects/icb/apps/api/src/modules/aml/aml.roles.ts": {"lines":{"total":1,"covered":0,"skipped":0,"pct":0},"functions":{"total":0,"covered":0,"skipped":0,"pct":100},"statements":{"total":1,"covered":0,"skipped":0,"pct":0},"branches":{"total":0,"covered":0,"skipped":0,"pct":100}}
,"/Users/shayford/Desktop/Dev/Projects/icb/apps/api/src/modules/aml/application/aml-alerts.service.ts": {"lines":{"total":42,"covered":0,"skipped":0,"pct":0},"functions":{"total":9,"covered":0,"skipped":0,"pct":0},"statements":{"total":42,"covered":0,"skipped":0,"pct":0},"branches":{"total":28,"covered":0,"skipped":0,"pct":0}}
,"/Users/shayford/Desktop/Dev/Projects/icb/apps/api/src/modules/aml/application/monitoring-context.service.ts": {"lines":{"total":21,"covered":0,"skipped":0,"pct":0},"functions":{"total":7,"covered":0,"skipped":0,"pct":0},"statements":{"total":22,"covered":0,"skipped":0,"pct":0},"branches":{"total":10,"covered":0,"skipped":0,"pct":0}}
,"/Users/shayford/Desktop/Dev/Projects/icb/apps/api/src/modules/aml/application/monitoring.service.ts": {"lines":{"total":24,"covered":0,"skipped":0,"pct":0},"functions":{"total":4,"covered":0,"skipped":0,"pct":0},"statements":{"total":24,"covered":0,"skipped":0,"pct":0},"branches":{"total":8,"covered":0,"skipped":0,"pct":0}}
,"/Users/shayford/Desktop/Dev/Projects/icb/apps/api/src/modules/aml/application/reports.service.ts": {"lines":{"total":20,"covered":0,"skipped":0,"pct":0},"functions":{"total":4,"covered":0,"skipped":0,"pct":0},"statements":{"total":20,"covered":0,"skipped":0,"pct":0},"branches":{"total":10,"covered":0,"skipped":0,"pct":0}}
,"/Users/shayford/Desktop/Dev/Projects/icb/apps/api/src/modules/aml/application/screening.service.ts": {"lines":{"total":29,"covered":0,"skipped":0,"pct":0},"functions":{"total":5,"covered":0,"skipped":0,"pct":0},"statements":{"total":29,"covered":0,"skipped":0,"pct":0},"branches":{"total":10,"covered":0,"skipped":0,"pct":0}}
,"/Users/shayford/Desktop/Dev/Projects/icb/apps/api/src/modules/aml/domain/adverse-media.ts": {"lines":{"total":6,"covered":0,"skipped":0,"pct":0},"functions":{"total":1,"covered":0,"skipped":0,"pct":0},"statements":{"total":6,"covered":0,"skipped":0,"pct":0},"branches":{"total":5,"covered":0,"skipped":0,"pct":0}}
,"/Users/shayford/Desktop/Dev/Projects/icb/apps/api/src/modules/aml/domain/case-workflow.ts": {"lines":{"total":6,"covered":0,"skipped":0,"pct":0},"functions":{"total":1,"covered":0,"skipped":0,"pct":0},"statements":{"total":6,"covered":0,"skipped":0,"pct":0},"branches":{"total":6,"covered":0,"skipped":0,"pct":0}}
,"/Users/shayford/Desktop/Dev/Projects/icb/apps/api/src/modules/aml/domain/ctr-aggregation.ts": {"lines":{"total":19,"covered":0,"skipped":0,"pct":0},"functions":{"total":3,"covered":0,"skipped":0,"pct":0},"statements":{"total":20,"covered":0,"skipped":0,"pct":0},"branches":{"total":13,"covered":0,"skipped":0,"pct":0}}
,"/Users/shayford/Desktop/Dev/Projects/icb/apps/api/src/modules/aml/domain/narrative.ts": {"lines":{"total":8,"covered":0,"skipped":0,"pct":0},"functions":{"total":2,"covered":0,"skipped":0,"pct":0},"statements":{"total":8,"covered":0,"skipped":0,"pct":0},"branches":{"total":8,"covered":0,"skipped":0,"pct":0}}
,"/Users/shayford/Desktop/Dev/Projects/icb/apps/api/src/modules/aml/domain/scenario.types.ts": {"lines":{"total":6,"covered":0,"skipped":0,"pct":0},"functions":{"total":1,"covered":0,"skipped":0,"pct":0},"statements":{"total":6,"covered":0,"skipped":0,"pct":0},"branches":{"total":2,"covered":0,"skipped":0,"pct":0}}
,"/Users/shayford/Desktop/Dev/Projects/icb/apps/api/src/modules/aml/domain/scenarios.ts": {"lines":{"total":35,"covered":0,"skipped":0,"pct":0},"functions":{"total":17,"covered":0,"skipped":0,"pct":0},"statements":{"total":42,"covered":0,"skipped":0,"pct":0},"branches":{"total":27,"covered":0,"skipped":0,"pct":0}}
,"/Users/shayford/Desktop/Dev/Projects/icb/apps/api/src/modules/aml/domain/severity.ts": {"lines":{"total":8,"covered":0,"skipped":0,"pct":0},"functions":{"total":2,"covered":0,"skipped":0,"pct":0},"statements":{"total":8,"covered":0,"skipped":0,"pct":0},"branches":{"total":10,"covered":0,"skipped":0,"pct":0}}
,"/Users/shayford/Desktop/Dev/Projects/icb/apps/api/src/modules/aml/infrastructure/aml-alert.schemas.ts": {"lines":{"total":37,"covered":0,"skipped":0,"pct":0},"functions":{"total":0,"covered":0,"skipped":0,"pct":100},"statements":{"total":37,"covered":0,"skipped":0,"pct":0},"branches":{"total":8,"covered":0,"skipped":0,"pct":0}}
,"/Users/shayford/Desktop/Dev/Projects/icb/apps/api/src/modules/aml/infrastructure/aml.mapper.ts": {"lines":{"total":9,"covered":0,"skipped":0,"pct":0},"functions":{"total":4,"covered":0,"skipped":0,"pct":0},"statements":{"total":9,"covered":0,"skipped":0,"pct":0},"branches":{"total":12,"covered":0,"skipped":0,"pct":0}}
,"/Users/shayford/Desktop/Dev/Projects/icb/apps/api/src/modules/audit/audit.constants.ts": {"lines":{"total":9,"covered":0,"skipped":0,"pct":0},"functions":{"total":0,"covered":0,"skipped":0,"pct":100},"statements":{"total":9,"covered":0,"skipped":0,"pct":0},"branches":{"total":0,"covered":0,"skipped":0,"pct":100}}
,"/Users/shayford/Desktop/Dev/Projects/icb/apps/api/src/modules/audit/audit.controller.ts": {"lines":{"total":5,"covered":0,"skipped":0,"pct":0},"functions":{"total":4,"covered":0,"skipped":0,"pct":0},"statements":{"total":5,"covered":0,"skipped":0,"pct":0},"branches":{"total":0,"covered":0,"skipped":0,"pct":100}}
,"/Users/shayford/Desktop/Dev/Projects/icb/apps/api/src/modules/audit/audit.service.ts": {"lines":{"total":38,"covered":0,"skipped":0,"pct":0},"functions":{"total":6,"covered":0,"skipped":0,"pct":0},"statements":{"total":39,"covered":0,"skipped":0,"pct":0},"branches":{"total":25,"covered":0,"skipped":0,"pct":0}}
,"/Users/shayford/Desktop/Dev/Projects/icb/apps/api/src/modules/audit/application/audit.interceptor.ts": {"lines":{"total":15,"covered":0,"skipped":0,"pct":0},"functions":{"total":4,"covered":0,"skipped":0,"pct":0},"statements":{"total":15,"covered":0,"skipped":0,"pct":0},"branches":{"total":8,"covered":0,"skipped":0,"pct":0}}
,"/Users/shayford/Desktop/Dev/Projects/icb/apps/api/src/modules/audit/application/request-enrichment.ts": {"lines":{"total":16,"covered":0,"skipped":0,"pct":0},"functions":{"total":4,"covered":0,"skipped":0,"pct":0},"statements":{"total":17,"covered":0,"skipped":0,"pct":0},"branches":{"total":22,"covered":0,"skipped":0,"pct":0}}
,"/Users/shayford/Desktop/Dev/Projects/icb/apps/api/src/modules/audit/domain/audit-errors.ts": {"lines":{"total":2,"covered":0,"skipped":0,"pct":0},"functions":{"total":2,"covered":0,"skipped":0,"pct":0},"statements":{"total":2,"covered":0,"skipped":0,"pct":0},"branches":{"total":3,"covered":0,"skipped":0,"pct":0}}
,"/Users/shayford/Desktop/Dev/Projects/icb/apps/api/src/modules/audit/domain/audit-event.ts": {"lines":{"total":1,"covered":0,"skipped":0,"pct":0},"functions":{"total":0,"covered":0,"skipped":0,"pct":100},"statements":{"total":1,"covered":0,"skipped":0,"pct":0},"branches":{"total":0,"covered":0,"skipped":0,"pct":100}}
,"/Users/shayford/Desktop/Dev/Projects/icb/apps/api/src/modules/audit/domain/canonicalise.ts": {"lines":{"total":13,"covered":0,"skipped":0,"pct":0},"functions":{"total":7,"covered":0,"skipped":0,"pct":0},"statements":{"total":14,"covered":0,"skipped":0,"pct":0},"branches":{"total":9,"covered":0,"skipped":0,"pct":0}}
,"/Users/shayford/Desktop/Dev/Projects/icb/apps/api/src/modules/audit/domain/diff.ts": {"lines":{"total":20,"covered":0,"skipped":0,"pct":0},"functions":{"total":5,"covered":0,"skipped":0,"pct":0},"statements":{"total":20,"covered":0,"skipped":0,"pct":0},"branches":{"total":21,"covered":0,"skipped":0,"pct":0}}
,"/Users/shayford/Desktop/Dev/Projects/icb/apps/api/src/modules/audit/domain/hash-chain.ts": {"lines":{"total":2,"covered":0,"skipped":0,"pct":0},"functions":{"total":1,"covered":0,"skipped":0,"pct":0},"statements":{"total":2,"covered":0,"skipped":0,"pct":0},"branches":{"total":2,"covered":0,"skipped":0,"pct":0}}
,"/Users/shayford/Desktop/Dev/Projects/icb/apps/api/src/modules/audit/infrastructure/audit-event.mapper.ts": {"lines":{"total":2,"covered":0,"skipped":0,"pct":0},"functions":{"total":2,"covered":0,"skipped":0,"pct":0},"statements":{"total":2,"covered":0,"skipped":0,"pct":0},"branches":{"total":0,"covered":0,"skipped":0,"pct":100}}
,"/Users/shayford/Desktop/Dev/Projects/icb/apps/api/src/modules/audit/infrastructure/audit-event.repository.ts": {"lines":{"total":27,"covered":0,"skipped":0,"pct":0},"functions":{"total":8,"covered":0,"skipped":0,"pct":0},"statements":{"total":27,"covered":0,"skipped":0,"pct":0},"branches":{"total":16,"covered":0,"skipped":0,"pct":0}}
,"/Users/shayford/Desktop/Dev/Projects/icb/apps/api/src/modules/audit/infrastructure/audit-event.schemas.ts": {"lines":{"total":29,"covered":0,"skipped":0,"pct":0},"functions":{"total":1,"covered":0,"skipped":0,"pct":0},"statements":{"total":29,"covered":0,"skipped":0,"pct":0},"branches":{"total":2,"covered":0,"skipped":0,"pct":0}}
,"/Users/shayford/Desktop/Dev/Projects/icb/apps/api/src/modules/auth/auth-security.controller.ts": {"lines":{"total":16,"covered":0,"skipped":0,"pct":0},"functions":{"total":9,"covered":0,"skipped":0,"pct":0},"statements":{"total":16,"covered":0,"skipped":0,"pct":0},"branches":{"total":2,"covered":0,"skipped":0,"pct":0}}
,"/Users/shayford/Desktop/Dev/Projects/icb/apps/api/src/modules/auth/auth.constants.ts": {"lines":{"total":17,"covered":17,"skipped":0,"pct":100},"functions":{"total":0,"covered":0,"skipped":0,"pct":100},"statements":{"total":17,"covered":17,"skipped":0,"pct":100},"branches":{"total":0,"covered":0,"skipped":0,"pct":100}}
,"/Users/shayford/Desktop/Dev/Projects/icb/apps/api/src/modules/auth/auth.controller.ts": {"lines":{"total":33,"covered":0,"skipped":0,"pct":0},"functions":{"total":12,"covered":0,"skipped":0,"pct":0},"statements":{"total":33,"covered":0,"skipped":0,"pct":0},"branches":{"total":8,"covered":0,"skipped":0,"pct":0}}
,"/Users/shayford/Desktop/Dev/Projects/icb/apps/api/src/modules/auth/auth.service.ts": {"lines":{"total":25,"covered":0,"skipped":0,"pct":0},"functions":{"total":5,"covered":0,"skipped":0,"pct":0},"statements":{"total":25,"covered":0,"skipped":0,"pct":0},"branches":{"total":8,"covered":0,"skipped":0,"pct":0}}
,"/Users/shayford/Desktop/Dev/Projects/icb/apps/api/src/modules/auth/mfa.controller.ts": {"lines":{"total":11,"covered":0,"skipped":0,"pct":0},"functions":{"total":7,"covered":0,"skipped":0,"pct":0},"statements":{"total":11,"covered":0,"skipped":0,"pct":0},"branches":{"total":4,"covered":0,"skipped":0,"pct":0}}
,"/Users/shayford/Desktop/Dev/Projects/icb/apps/api/src/modules/auth/__tests__/helpers.ts": {"lines":{"total":7,"covered":0,"skipped":0,"pct":0},"functions":{"total":4,"covered":0,"skipped":0,"pct":0},"statements":{"total":7,"covered":0,"skipped":0,"pct":0},"branches":{"total":1,"covered":0,"skipped":0,"pct":0}}
,"/Users/shayford/Desktop/Dev/Projects/icb/apps/api/src/modules/auth/application/audit.port.ts": {"lines":{"total":1,"covered":0,"skipped":0,"pct":0},"functions":{"total":0,"covered":0,"skipped":0,"pct":100},"statements":{"total":1,"covered":0,"skipped":0,"pct":0},"branches":{"total":0,"covered":0,"skipped":0,"pct":100}}
,"/Users/shayford/Desktop/Dev/Projects/icb/apps/api/src/modules/auth/application/auth-mailer.service.ts": {"lines":{"total":11,"covered":0,"skipped":0,"pct":0},"functions":{"total":8,"covered":0,"skipped":0,"pct":0},"statements":{"total":11,"covered":0,"skipped":0,"pct":0},"branches":{"total":0,"covered":0,"skipped":0,"pct":100}}
,"/Users/shayford/Desktop/Dev/Projects/icb/apps/api/src/modules/auth/application/auth.types.ts": {"lines":{"total":0,"covered":0,"skipped":0,"pct":100},"functions":{"total":0,"covered":0,"skipped":0,"pct":100},"statements":{"total":0,"covered":0,"skipped":0,"pct":100},"branches":{"total":0,"covered":0,"skipped":0,"pct":100}}
,"/Users/shayford/Desktop/Dev/Projects/icb/apps/api/src/modules/auth/application/change-password.service.ts": {"lines":{"total":18,"covered":0,"skipped":0,"pct":0},"functions":{"total":2,"covered":0,"skipped":0,"pct":0},"statements":{"total":18,"covered":0,"skipped":0,"pct":0},"branches":{"total":4,"covered":0,"skipped":0,"pct":0}}
,"/Users/shayford/Desktop/Dev/Projects/icb/apps/api/src/modules/auth/application/credential-verifier.service.ts": {"lines":{"total":22,"covered":0,"skipped":0,"pct":0},"functions":{"total":4,"covered":0,"skipped":0,"pct":0},"statements":{"total":22,"covered":0,"skipped":0,"pct":0},"branches":{"total":10,"covered":0,"skipped":0,"pct":0}}
,"/Users/shayford/Desktop/Dev/Projects/icb/apps/api/src/modules/auth/application/email-verification.service.ts": {"lines":{"total":16,"covered":0,"skipped":0,"pct":0},"functions":{"total":4,"covered":0,"skipped":0,"pct":0},"statements":{"total":16,"covered":0,"skipped":0,"pct":0},"branches":{"total":5,"covered":0,"skipped":0,"pct":0}}
,"/Users/shayford/Desktop/Dev/Projects/icb/apps/api/src/modules/auth/application/login-history.service.ts": {"lines":{"total":4,"covered":0,"skipped":0,"pct":0},"functions":{"total":3,"covered":0,"skipped":0,"pct":0},"statements":{"total":5,"covered":0,"skipped":0,"pct":0},"branches":{"total":0,"covered":0,"skipped":0,"pct":100}}
,"/Users/shayford/Desktop/Dev/Projects/icb/apps/api/src/modules/auth/application/login.service.ts": {"lines":{"total":31,"covered":0,"skipped":0,"pct":0},"functions":{"total":5,"covered":0,"skipped":0,"pct":0},"statements":{"total":31,"covered":0,"skipped":0,"pct":0},"branches":{"total":14,"covered":0,"skipped":0,"pct":0}}
,"/Users/shayford/Desktop/Dev/Projects/icb/apps/api/src/modules/auth/application/mfa-challenge.service.ts": {"lines":{"total":45,"covered":0,"skipped":0,"pct":0},"functions":{"total":10,"covered":0,"skipped":0,"pct":0},"statements":{"total":45,"covered":0,"skipped":0,"pct":0},"branches":{"total":37,"covered":0,"skipped":0,"pct":0}}
,"/Users/shayford/Desktop/Dev/Projects/icb/apps/api/src/modules/auth/application/mfa-enrolment.service.ts": {"lines":{"total":37,"covered":0,"skipped":0,"pct":0},"functions":{"total":6,"covered":0,"skipped":0,"pct":0},"statements":{"total":37,"covered":0,"skipped":0,"pct":0},"branches":{"total":16,"covered":0,"skipped":0,"pct":0}}
,"/Users/shayford/Desktop/Dev/Projects/icb/apps/api/src/modules/auth/application/password-reset.service.ts": {"lines":{"total":23,"covered":0,"skipped":0,"pct":0},"functions":{"total":4,"covered":0,"skipped":0,"pct":0},"statements":{"total":23,"covered":0,"skipped":0,"pct":0},"branches":{"total":7,"covered":0,"skipped":0,"pct":0}}
,"/Users/shayford/Desktop/Dev/Projects/icb/apps/api/src/modules/auth/application/password.service.ts": {"lines":{"total":18,"covered":3,"skipped":0,"pct":16.66},"functions":{"total":9,"covered":0,"skipped":0,"pct":0},"statements":{"total":19,"covered":3,"skipped":0,"pct":15.78},"branches":{"total":7,"covered":0,"skipped":0,"pct":0}}
,"/Users/shayford/Desktop/Dev/Projects/icb/apps/api/src/modules/auth/application/registration.service.ts": {"lines":{"total":21,"covered":0,"skipped":0,"pct":0},"functions":{"total":3,"covered":0,"skipped":0,"pct":0},"statements":{"total":21,"covered":0,"skipped":0,"pct":0},"branches":{"total":4,"covered":0,"skipped":0,"pct":0}}
,"/Users/shayford/Desktop/Dev/Projects/icb/apps/api/src/modules/auth/application/session-issuer.service.ts": {"lines":{"total":13,"covered":0,"skipped":0,"pct":0},"functions":{"total":2,"covered":0,"skipped":0,"pct":0},"statements":{"total":13,"covered":0,"skipped":0,"pct":0},"branches":{"total":5,"covered":0,"skipped":0,"pct":0}}
,"/Users/shayford/Desktop/Dev/Projects/icb/apps/api/src/modules/auth/application/session-manager.service.ts": {"lines":{"total":20,"covered":0,"skipped":0,"pct":0},"functions":{"total":5,"covered":0,"skipped":0,"pct":0},"statements":{"total":21,"covered":0,"skipped":0,"pct":0},"branches":{"total":6,"covered":0,"skipped":0,"pct":0}}
,"/Users/shayford/Desktop/Dev/Projects/icb/apps/api/src/modules/auth/application/session-writer.ts": {"lines":{"total":5,"covered":0,"skipped":0,"pct":0},"functions":{"total":2,"covered":0,"skipped":0,"pct":0},"statements":{"total":5,"covered":0,"skipped":0,"pct":0},"branches":{"total":2,"covered":0,"skipped":0,"pct":0}}
,"/Users/shayford/Desktop/Dev/Projects/icb/apps/api/src/modules/auth/application/sms-otp.sender.ts": {"lines":{"total":4,"covered":0,"skipped":0,"pct":0},"functions":{"total":1,"covered":0,"skipped":0,"pct":0},"statements":{"total":4,"covered":0,"skipped":0,"pct":0},"branches":{"total":0,"covered":0,"skipped":0,"pct":100}}
,"/Users/shayford/Desktop/Dev/Projects/icb/apps/api/src/modules/auth/application/step-up.service.ts": {"lines":{"total":19,"covered":0,"skipped":0,"pct":0},"functions":{"total":3,"covered":0,"skipped":0,"pct":0},"statements":{"total":19,"covered":0,"skipped":0,"pct":0},"branches":{"total":6,"covered":0,"skipped":0,"pct":0}}
,"/Users/shayford/Desktop/Dev/Projects/icb/apps/api/src/modules/auth/application/token.service.ts": {"lines":{"total":14,"covered":1,"skipped":0,"pct":7.14},"functions":{"total":7,"covered":0,"skipped":0,"pct":0},"statements":{"total":14,"covered":1,"skipped":0,"pct":7.14},"branches":{"total":0,"covered":0,"skipped":0,"pct":100}}
,"/Users/shayford/Desktop/Dev/Projects/icb/apps/api/src/modules/auth/application/totp.service.ts": {"lines":{"total":13,"covered":0,"skipped":0,"pct":0},"functions":{"total":7,"covered":0,"skipped":0,"pct":0},"statements":{"total":13,"covered":0,"skipped":0,"pct":0},"branches":{"total":0,"covered":0,"skipped":0,"pct":100}}
,"/Users/shayford/Desktop/Dev/Projects/icb/apps/api/src/modules/auth/application/trusted-device.service.ts": {"lines":{"total":12,"covered":0,"skipped":0,"pct":0},"functions":{"total":4,"covered":0,"skipped":0,"pct":0},"statements":{"total":12,"covered":0,"skipped":0,"pct":0},"branches":{"total":2,"covered":0,"skipped":0,"pct":0}}
,"/Users/shayford/Desktop/Dev/Projects/icb/apps/api/src/modules/auth/application/user-profile-reader.ts": {"lines":{"total":18,"covered":0,"skipped":0,"pct":0},"functions":{"total":6,"covered":0,"skipped":0,"pct":0},"statements":{"total":18,"covered":0,"skipped":0,"pct":0},"branches":{"total":14,"covered":0,"skipped":0,"pct":0}}
,"/Users/shayford/Desktop/Dev/Projects/icb/apps/api/src/modules/auth/domain/device-label.ts": {"lines":{"total":7,"covered":0,"skipped":0,"pct":0},"functions":{"total":4,"covered":0,"skipped":0,"pct":0},"statements":{"total":8,"covered":0,"skipped":0,"pct":0},"branches":{"total":6,"covered":0,"skipped":0,"pct":0}}
,"/Users/shayford/Desktop/Dev/Projects/icb/apps/api/src/modules/auth/domain/lockout.ts": {"lines":{"total":7,"covered":0,"skipped":0,"pct":0},"functions":{"total":2,"covered":0,"skipped":0,"pct":0},"statements":{"total":7,"covered":0,"skipped":0,"pct":0},"branches":{"total":9,"covered":0,"skipped":0,"pct":0}}
,"/Users/shayford/Desktop/Dev/Projects/icb/apps/api/src/modules/auth/domain/otp.ts": {"lines":{"total":2,"covered":0,"skipped":0,"pct":0},"functions":{"total":2,"covered":0,"skipped":0,"pct":0},"statements":{"total":2,"covered":0,"skipped":0,"pct":0},"branches":{"total":0,"covered":0,"skipped":0,"pct":100}}
,"/Users/shayford/Desktop/Dev/Projects/icb/apps/api/src/modules/auth/domain/phone-mask.ts": {"lines":{"total":6,"covered":0,"skipped":0,"pct":0},"functions":{"total":1,"covered":0,"skipped":0,"pct":0},"statements":{"total":6,"covered":0,"skipped":0,"pct":0},"branches":{"total":2,"covered":0,"skipped":0,"pct":0}}
,"/Users/shayford/Desktop/Dev/Projects/icb/apps/api/src/modules/auth/infrastructure/auth.schemas.ts": {"lines":{"total":39,"covered":0,"skipped":0,"pct":0},"functions":{"total":0,"covered":0,"skipped":0,"pct":100},"statements":{"total":39,"covered":0,"skipped":0,"pct":0},"branches":{"total":12,"covered":0,"skipped":0,"pct":0}}
,"/Users/shayford/Desktop/Dev/Projects/icb/apps/api/src/modules/auth/infrastructure/mongo-audit.store.ts": {"lines":{"total":14,"covered":0,"skipped":0,"pct":0},"functions":{"total":4,"covered":0,"skipped":0,"pct":0},"statements":{"total":14,"covered":0,"skipped":0,"pct":0},"branches":{"total":14,"covered":0,"skipped":0,"pct":0}}
,"/Users/shayford/Desktop/Dev/Projects/icb/apps/api/src/modules/auth/infrastructure/session.mapper.ts": {"lines":{"total":3,"covered":0,"skipped":0,"pct":0},"functions":{"total":1,"covered":0,"skipped":0,"pct":0},"statements":{"total":3,"covered":0,"skipped":0,"pct":0},"branches":{"total":6,"covered":0,"skipped":0,"pct":0}}
,"/Users/shayford/Desktop/Dev/Projects/icb/apps/api/src/modules/beneficiaries/beneficiaries.controller.ts": {"lines":{"total":8,"covered":8,"skipped":0,"pct":100},"functions":{"total":6,"covered":6,"skipped":0,"pct":100},"statements":{"total":8,"covered":8,"skipped":0,"pct":100},"branches":{"total":2,"covered":1,"skipped":0,"pct":50}}
,"/Users/shayford/Desktop/Dev/Projects/icb/apps/api/src/modules/beneficiaries/beneficiaries.service.ts": {"lines":{"total":72,"covered":59,"skipped":0,"pct":81.94},"functions":{"total":15,"covered":13,"skipped":0,"pct":86.66},"statements":{"total":73,"covered":60,"skipped":0,"pct":82.19},"branches":{"total":36,"covered":25,"skipped":0,"pct":69.44}}
,"/Users/shayford/Desktop/Dev/Projects/icb/apps/api/src/modules/beneficiaries/beneficiary-verification.controller.ts": {"lines":{"total":6,"covered":6,"skipped":0,"pct":100},"functions":{"total":4,"covered":4,"skipped":0,"pct":100},"statements":{"total":6,"covered":6,"skipped":0,"pct":100},"branches":{"total":2,"covered":1,"skipped":0,"pct":50}}
,"/Users/shayford/Desktop/Dev/Projects/icb/apps/api/src/modules/beneficiaries/beneficiary-verification.service.ts": {"lines":{"total":51,"covered":2,"skipped":0,"pct":3.92},"functions":{"total":11,"covered":1,"skipped":0,"pct":9.09},"statements":{"total":51,"covered":2,"skipped":0,"pct":3.92},"branches":{"total":24,"covered":0,"skipped":0,"pct":0}}
,"/Users/shayford/Desktop/Dev/Projects/icb/apps/api/src/modules/beneficiaries/__tests__/fixtures.ts": {"lines":{"total":11,"covered":11,"skipped":0,"pct":100},"functions":{"total":2,"covered":2,"skipped":0,"pct":100},"statements":{"total":11,"covered":11,"skipped":0,"pct":100},"branches":{"total":1,"covered":1,"skipped":0,"pct":100}}
,"/Users/shayford/Desktop/Dev/Projects/icb/apps/api/src/modules/beneficiaries/application/beneficiary-target.resolver.ts": {"lines":{"total":15,"covered":15,"skipped":0,"pct":100},"functions":{"total":5,"covered":5,"skipped":0,"pct":100},"statements":{"total":15,"covered":15,"skipped":0,"pct":100},"branches":{"total":9,"covered":9,"skipped":0,"pct":100}}
,"/Users/shayford/Desktop/Dev/Projects/icb/apps/api/src/modules/beneficiaries/domain/beneficiary-destination.ts": {"lines":{"total":11,"covered":11,"skipped":0,"pct":100},"functions":{"total":5,"covered":5,"skipped":0,"pct":100},"statements":{"total":11,"covered":11,"skipped":0,"pct":100},"branches":{"total":11,"covered":11,"skipped":0,"pct":100}}
,"/Users/shayford/Desktop/Dev/Projects/icb/apps/api/src/modules/beneficiaries/domain/beneficiary-errors.ts": {"lines":{"total":4,"covered":0,"skipped":0,"pct":0},"functions":{"total":4,"covered":0,"skipped":0,"pct":0},"statements":{"total":4,"covered":0,"skipped":0,"pct":0},"branches":{"total":0,"covered":0,"skipped":0,"pct":100}}
,"/Users/shayford/Desktop/Dev/Projects/icb/apps/api/src/modules/beneficiaries/domain/cooling-off.ts": {"lines":{"total":6,"covered":6,"skipped":0,"pct":100},"functions":{"total":3,"covered":3,"skipped":0,"pct":100},"statements":{"total":6,"covered":6,"skipped":0,"pct":100},"branches":{"total":2,"covered":2,"skipped":0,"pct":100}}
,"/Users/shayford/Desktop/Dev/Projects/icb/apps/api/src/modules/beneficiaries/domain/micro-deposit.ts": {"lines":{"total":13,"covered":13,"skipped":0,"pct":100},"functions":{"total":4,"covered":4,"skipped":0,"pct":100},"statements":{"total":13,"covered":13,"skipped":0,"pct":100},"branches":{"total":7,"covered":7,"skipped":0,"pct":100}}
,"/Users/shayford/Desktop/Dev/Projects/icb/apps/api/src/modules/beneficiaries/domain/verification-state.ts": {"lines":{"total":3,"covered":3,"skipped":0,"pct":100},"functions":{"total":2,"covered":2,"skipped":0,"pct":100},"statements":{"total":4,"covered":4,"skipped":0,"pct":100},"branches":{"total":2,"covered":2,"skipped":0,"pct":100}}
,"/Users/shayford/Desktop/Dev/Projects/icb/apps/api/src/modules/beneficiaries/infrastructure/beneficiary.factory.ts": {"lines":{"total":2,"covered":2,"skipped":0,"pct":100},"functions":{"total":1,"covered":1,"skipped":0,"pct":100},"statements":{"total":2,"covered":2,"skipped":0,"pct":100},"branches":{"total":2,"covered":2,"skipped":0,"pct":100}}
,"/Users/shayford/Desktop/Dev/Projects/icb/apps/api/src/modules/beneficiaries/infrastructure/beneficiary.mapper.ts": {"lines":{"total":2,"covered":1,"skipped":0,"pct":50},"functions":{"total":2,"covered":1,"skipped":0,"pct":50},"statements":{"total":2,"covered":1,"skipped":0,"pct":50},"branches":{"total":6,"covered":2,"skipped":0,"pct":33.33}}
,"/Users/shayford/Desktop/Dev/Projects/icb/apps/api/src/modules/beneficiaries/infrastructure/beneficiary.schemas.ts": {"lines":{"total":27,"covered":27,"skipped":0,"pct":100},"functions":{"total":0,"covered":0,"skipped":0,"pct":100},"statements":{"total":27,"covered":27,"skipped":0,"pct":100},"branches":{"total":6,"covered":3,"skipped":0,"pct":50}}
,"/Users/shayford/Desktop/Dev/Projects/icb/apps/api/src/modules/billing/autopay.service.ts": {"lines":{"total":58,"covered":0,"skipped":0,"pct":0},"functions":{"total":10,"covered":0,"skipped":0,"pct":0},"statements":{"total":58,"covered":0,"skipped":0,"pct":0},"branches":{"total":25,"covered":0,"skipped":0,"pct":0}}
,"/Users/shayford/Desktop/Dev/Projects/icb/apps/api/src/modules/billing/bill-payments.controller.ts": {"lines":{"total":6,"covered":0,"skipped":0,"pct":0},"functions":{"total":4,"covered":0,"skipped":0,"pct":0},"statements":{"total":6,"covered":0,"skipped":0,"pct":0},"branches":{"total":2,"covered":0,"skipped":0,"pct":0}}
,"/Users/shayford/Desktop/Dev/Projects/icb/apps/api/src/modules/billing/bill-payments.service.ts": {"lines":{"total":52,"covered":0,"skipped":0,"pct":0},"functions":{"total":12,"covered":0,"skipped":0,"pct":0},"statements":{"total":52,"covered":0,"skipped":0,"pct":0},"branches":{"total":32,"covered":0,"skipped":0,"pct":0}}
,"/Users/shayford/Desktop/Dev/Projects/icb/apps/api/src/modules/billing/bill-settlement.service.ts": {"lines":{"total":54,"covered":0,"skipped":0,"pct":0},"functions":{"total":10,"covered":0,"skipped":0,"pct":0},"statements":{"total":54,"covered":0,"skipped":0,"pct":0},"branches":{"total":26,"covered":0,"skipped":0,"pct":0}}
,"/Users/shayford/Desktop/Dev/Projects/icb/apps/api/src/modules/billing/billers.controller.ts": {"lines":{"total":4,"covered":0,"skipped":0,"pct":0},"functions":{"total":2,"covered":0,"skipped":0,"pct":0},"statements":{"total":4,"covered":0,"skipped":0,"pct":0},"branches":{"total":2,"covered":0,"skipped":0,"pct":0}}
,"/Users/shayford/Desktop/Dev/Projects/icb/apps/api/src/modules/billing/billers.service.ts": {"lines":{"total":31,"covered":0,"skipped":0,"pct":0},"functions":{"total":10,"covered":0,"skipped":0,"pct":0},"statements":{"total":32,"covered":0,"skipped":0,"pct":0},"branches":{"total":16,"covered":0,"skipped":0,"pct":0}}
,"/Users/shayford/Desktop/Dev/Projects/icb/apps/api/src/modules/billing/bills.controller.ts": {"lines":{"total":10,"covered":0,"skipped":0,"pct":0},"functions":{"total":7,"covered":0,"skipped":0,"pct":0},"statements":{"total":10,"covered":0,"skipped":0,"pct":0},"branches":{"total":2,"covered":0,"skipped":0,"pct":0}}
,"/Users/shayford/Desktop/Dev/Projects/icb/apps/api/src/modules/billing/bills.service.ts": {"lines":{"total":67,"covered":0,"skipped":0,"pct":0},"functions":{"total":17,"covered":0,"skipped":0,"pct":0},"statements":{"total":69,"covered":0,"skipped":0,"pct":0},"branches":{"total":34,"covered":0,"skipped":0,"pct":0}}
,"/Users/shayford/Desktop/Dev/Projects/icb/apps/api/src/modules/billing/__tests__/fixtures.ts": {"lines":{"total":20,"covered":0,"skipped":0,"pct":0},"functions":{"total":5,"covered":0,"skipped":0,"pct":0},"statements":{"total":20,"covered":0,"skipped":0,"pct":0},"branches":{"total":4,"covered":0,"skipped":0,"pct":0}}
,"/Users/shayford/Desktop/Dev/Projects/icb/apps/api/src/modules/billing/domain/bill-rules.ts": {"lines":{"total":17,"covered":0,"skipped":0,"pct":0},"functions":{"total":5,"covered":0,"skipped":0,"pct":0},"statements":{"total":17,"covered":0,"skipped":0,"pct":0},"branches":{"total":26,"covered":0,"skipped":0,"pct":0}}
,"/Users/shayford/Desktop/Dev/Projects/icb/apps/api/src/modules/billing/domain/biller-directory.ts": {"lines":{"total":10,"covered":0,"skipped":0,"pct":0},"functions":{"total":0,"covered":0,"skipped":0,"pct":100},"statements":{"total":10,"covered":0,"skipped":0,"pct":0},"branches":{"total":0,"covered":0,"skipped":0,"pct":100}}
,"/Users/shayford/Desktop/Dev/Projects/icb/apps/api/src/modules/billing/domain/deterministic.ts": {"lines":{"total":20,"covered":0,"skipped":0,"pct":0},"functions":{"total":5,"covered":0,"skipped":0,"pct":0},"statements":{"total":22,"covered":0,"skipped":0,"pct":0},"branches":{"total":4,"covered":0,"skipped":0,"pct":0}}
,"/Users/shayford/Desktop/Dev/Projects/icb/apps/api/src/modules/billing/domain/pay-bill.command.ts": {"lines":{"total":16,"covered":0,"skipped":0,"pct":0},"functions":{"total":6,"covered":0,"skipped":0,"pct":0},"statements":{"total":16,"covered":0,"skipped":0,"pct":0},"branches":{"total":4,"covered":0,"skipped":0,"pct":0}}
,"/Users/shayford/Desktop/Dev/Projects/icb/apps/api/src/modules/billing/domain/simulated-biller.ts": {"lines":{"total":21,"covered":0,"skipped":0,"pct":0},"functions":{"total":4,"covered":0,"skipped":0,"pct":0},"statements":{"total":21,"covered":0,"skipped":0,"pct":0},"branches":{"total":8,"covered":0,"skipped":0,"pct":0}}
,"/Users/shayford/Desktop/Dev/Projects/icb/apps/api/src/modules/billing/infrastructure/bill-payment.schemas.ts": {"lines":{"total":26,"covered":0,"skipped":0,"pct":0},"functions":{"total":0,"covered":0,"skipped":0,"pct":100},"statements":{"total":26,"covered":0,"skipped":0,"pct":0},"branches":{"total":2,"covered":0,"skipped":0,"pct":0}}
,"/Users/shayford/Desktop/Dev/Projects/icb/apps/api/src/modules/billing/infrastructure/bill.mapper.ts": {"lines":{"total":5,"covered":0,"skipped":0,"pct":0},"functions":{"total":3,"covered":0,"skipped":0,"pct":0},"statements":{"total":5,"covered":0,"skipped":0,"pct":0},"branches":{"total":16,"covered":0,"skipped":0,"pct":0}}
,"/Users/shayford/Desktop/Dev/Projects/icb/apps/api/src/modules/billing/infrastructure/bill.schemas.ts": {"lines":{"total":26,"covered":0,"skipped":0,"pct":0},"functions":{"total":0,"covered":0,"skipped":0,"pct":100},"statements":{"total":26,"covered":0,"skipped":0,"pct":0},"branches":{"total":2,"covered":0,"skipped":0,"pct":0}}
,"/Users/shayford/Desktop/Dev/Projects/icb/apps/api/src/modules/billing/infrastructure/biller.mapper.ts": {"lines":{"total":1,"covered":0,"skipped":0,"pct":0},"functions":{"total":1,"covered":0,"skipped":0,"pct":0},"statements":{"total":1,"covered":0,"skipped":0,"pct":0},"branches":{"total":2,"covered":0,"skipped":0,"pct":0}}
,"/Users/shayford/Desktop/Dev/Projects/icb/apps/api/src/modules/billing/infrastructure/biller.schemas.ts": {"lines":{"total":18,"covered":0,"skipped":0,"pct":0},"functions":{"total":0,"covered":0,"skipped":0,"pct":100},"statements":{"total":18,"covered":0,"skipped":0,"pct":0},"branches":{"total":0,"covered":0,"skipped":0,"pct":100}}
,"/Users/shayford/Desktop/Dev/Projects/icb/apps/api/src/modules/budgets/budgets.constants.ts": {"lines":{"total":1,"covered":0,"skipped":0,"pct":0},"functions":{"total":0,"covered":0,"skipped":0,"pct":100},"statements":{"total":1,"covered":0,"skipped":0,"pct":0},"branches":{"total":0,"covered":0,"skipped":0,"pct":100}}
,"/Users/shayford/Desktop/Dev/Projects/icb/apps/api/src/modules/budgets/budgets.controller.ts": {"lines":{"total":5,"covered":0,"skipped":0,"pct":0},"functions":{"total":3,"covered":0,"skipped":0,"pct":0},"statements":{"total":5,"covered":0,"skipped":0,"pct":0},"branches":{"total":2,"covered":0,"skipped":0,"pct":0}}
,"/Users/shayford/Desktop/Dev/Projects/icb/apps/api/src/modules/budgets/budgets.service.ts": {"lines":{"total":20,"covered":0,"skipped":0,"pct":0},"functions":{"total":7,"covered":0,"skipped":0,"pct":0},"statements":{"total":22,"covered":0,"skipped":0,"pct":0},"branches":{"total":2,"covered":0,"skipped":0,"pct":0}}
,"/Users/shayford/Desktop/Dev/Projects/icb/apps/api/src/modules/budgets/domain/budget.ts": {"lines":{"total":6,"covered":0,"skipped":0,"pct":0},"functions":{"total":1,"covered":0,"skipped":0,"pct":0},"statements":{"total":7,"covered":0,"skipped":0,"pct":0},"branches":{"total":4,"covered":0,"skipped":0,"pct":0}}
,"/Users/shayford/Desktop/Dev/Projects/icb/apps/api/src/modules/budgets/infrastructure/budget.schemas.ts": {"lines":{"total":9,"covered":0,"skipped":0,"pct":0},"functions":{"total":0,"covered":0,"skipped":0,"pct":100},"statements":{"total":9,"covered":0,"skipped":0,"pct":0},"branches":{"total":0,"covered":0,"skipped":0,"pct":100}}
,"/Users/shayford/Desktop/Dev/Projects/icb/apps/api/src/modules/cards/card-network.controller.ts": {"lines":{"total":11,"covered":11,"skipped":0,"pct":100},"functions":{"total":5,"covered":5,"skipped":0,"pct":100},"statements":{"total":11,"covered":11,"skipped":0,"pct":100},"branches":{"total":0,"covered":0,"skipped":0,"pct":100}}
,"/Users/shayford/Desktop/Dev/Projects/icb/apps/api/src/modules/cards/card-settings.controller.ts": {"lines":{"total":12,"covered":12,"skipped":0,"pct":100},"functions":{"total":7,"covered":7,"skipped":0,"pct":100},"statements":{"total":12,"covered":12,"skipped":0,"pct":100},"branches":{"total":0,"covered":0,"skipped":0,"pct":100}}
,"/Users/shayford/Desktop/Dev/Projects/icb/apps/api/src/modules/cards/cards-staff.controller.ts": {"lines":{"total":15,"covered":15,"skipped":0,"pct":100},"functions":{"total":10,"covered":10,"skipped":0,"pct":100},"statements":{"total":15,"covered":15,"skipped":0,"pct":100},"branches":{"total":0,"covered":0,"skipped":0,"pct":100}}
,"/Users/shayford/Desktop/Dev/Projects/icb/apps/api/src/modules/cards/cards-staff.service.ts": {"lines":{"total":16,"covered":16,"skipped":0,"pct":100},"functions":{"total":9,"covered":9,"skipped":0,"pct":100},"statements":{"total":16,"covered":16,"skipped":0,"pct":100},"branches":{"total":0,"covered":0,"skipped":0,"pct":100}}
,"/Users/shayford/Desktop/Dev/Projects/icb/apps/api/src/modules/cards/cards.controller.ts": {"lines":{"total":14,"covered":14,"skipped":0,"pct":100},"functions":{"total":9,"covered":9,"skipped":0,"pct":100},"statements":{"total":14,"covered":14,"skipped":0,"pct":100},"branches":{"total":2,"covered":1,"skipped":0,"pct":50}}
,"/Users/shayford/Desktop/Dev/Projects/icb/apps/api/src/modules/cards/cards.service.ts": {"lines":{"total":63,"covered":45,"skipped":0,"pct":71.42},"functions":{"total":14,"covered":8,"skipped":0,"pct":57.14},"statements":{"total":63,"covered":45,"skipped":0,"pct":71.42},"branches":{"total":20,"covered":13,"skipped":0,"pct":65}}
,"/Users/shayford/Desktop/Dev/Projects/icb/apps/api/src/modules/cards/__tests__/fixtures.ts": {"lines":{"total":12,"covered":12,"skipped":0,"pct":100},"functions":{"total":3,"covered":3,"skipped":0,"pct":100},"statements":{"total":12,"covered":12,"skipped":0,"pct":100},"branches":{"total":2,"covered":2,"skipped":0,"pct":100}}
,"/Users/shayford/Desktop/Dev/Projects/icb/apps/api/src/modules/cards/application/card-authorisation-log.service.ts": {"lines":{"total":20,"covered":1,"skipped":0,"pct":5},"functions":{"total":5,"covered":0,"skipped":0,"pct":0},"statements":{"total":20,"covered":1,"skipped":0,"pct":5},"branches":{"total":10,"covered":0,"skipped":0,"pct":0}}
,"/Users/shayford/Desktop/Dev/Projects/icb/apps/api/src/modules/cards/application/card-authorisation.service.ts": {"lines":{"total":55,"covered":55,"skipped":0,"pct":100},"functions":{"total":10,"covered":10,"skipped":0,"pct":100},"statements":{"total":55,"covered":55,"skipped":0,"pct":100},"branches":{"total":27,"covered":23,"skipped":0,"pct":85.18}}
,"/Users/shayford/Desktop/Dev/Projects/icb/apps/api/src/modules/cards/application/card-capture.service.ts": {"lines":{"total":60,"covered":30,"skipped":0,"pct":50},"functions":{"total":14,"covered":7,"skipped":0,"pct":50},"statements":{"total":60,"covered":30,"skipped":0,"pct":50},"branches":{"total":26,"covered":9,"skipped":0,"pct":34.61}}
,"/Users/shayford/Desktop/Dev/Projects/icb/apps/api/src/modules/cards/application/card-issuance.service.ts": {"lines":{"total":40,"covered":40,"skipped":0,"pct":100},"functions":{"total":8,"covered":8,"skipped":0,"pct":100},"statements":{"total":41,"covered":41,"skipped":0,"pct":100},"branches":{"total":10,"covered":10,"skipped":0,"pct":100}}
,"/Users/shayford/Desktop/Dev/Projects/icb/apps/api/src/modules/cards/application/card-reader.ts": {"lines":{"total":34,"covered":22,"skipped":0,"pct":64.7},"functions":{"total":11,"covered":6,"skipped":0,"pct":54.54},"statements":{"total":34,"covered":22,"skipped":0,"pct":64.7},"branches":{"total":20,"covered":15,"skipped":0,"pct":75}}
,"/Users/shayford/Desktop/Dev/Projects/icb/apps/api/src/modules/cards/application/card-security.service.ts": {"lines":{"total":35,"covered":3,"skipped":0,"pct":8.57},"functions":{"total":5,"covered":0,"skipped":0,"pct":0},"statements":{"total":35,"covered":3,"skipped":0,"pct":8.57},"branches":{"total":8,"covered":0,"skipped":0,"pct":0}}
,"/Users/shayford/Desktop/Dev/Projects/icb/apps/api/src/modules/cards/application/card-settings.service.ts": {"lines":{"total":25,"covered":3,"skipped":0,"pct":12},"functions":{"total":6,"covered":0,"skipped":0,"pct":0},"statements":{"total":25,"covered":3,"skipped":0,"pct":12},"branches":{"total":6,"covered":0,"skipped":0,"pct":0}}
,"/Users/shayford/Desktop/Dev/Projects/icb/apps/api/src/modules/cards/application/card-spend.service.ts": {"lines":{"total":15,"covered":3,"skipped":0,"pct":20},"functions":{"total":5,"covered":0,"skipped":0,"pct":0},"statements":{"total":15,"covered":3,"skipped":0,"pct":20},"branches":{"total":2,"covered":0,"skipped":0,"pct":0}}
,"/Users/shayford/Desktop/Dev/Projects/icb/apps/api/src/modules/cards/domain/authorisation-rules.ts": {"lines":{"total":20,"covered":20,"skipped":0,"pct":100},"functions":{"total":6,"covered":6,"skipped":0,"pct":100},"statements":{"total":20,"covered":20,"skipped":0,"pct":100},"branches":{"total":26,"covered":26,"skipped":0,"pct":100}}
,"/Users/shayford/Desktop/Dev/Projects/icb/apps/api/src/modules/cards/domain/card-defaults.ts": {"lines":{"total":7,"covered":7,"skipped":0,"pct":100},"functions":{"total":2,"covered":2,"skipped":0,"pct":100},"statements":{"total":7,"covered":7,"skipped":0,"pct":100},"branches":{"total":2,"covered":2,"skipped":0,"pct":100}}
,"/Users/shayford/Desktop/Dev/Projects/icb/apps/api/src/modules/cards/domain/card-numbers.ts": {"lines":{"total":34,"covered":34,"skipped":0,"pct":100},"functions":{"total":11,"covered":11,"skipped":0,"pct":100},"statements":{"total":36,"covered":36,"skipped":0,"pct":100},"branches":{"total":6,"covered":6,"skipped":0,"pct":100}}
,"/Users/shayford/Desktop/Dev/Projects/icb/apps/api/src/modules/cards/domain/card-state.ts": {"lines":{"total":18,"covered":17,"skipped":0,"pct":94.44},"functions":{"total":5,"covered":5,"skipped":0,"pct":100},"statements":{"total":18,"covered":17,"skipped":0,"pct":94.44},"branches":{"total":16,"covered":13,"skipped":0,"pct":81.25}}
,"/Users/shayford/Desktop/Dev/Projects/icb/apps/api/src/modules/cards/domain/limit-rules.ts": {"lines":{"total":10,"covered":1,"skipped":0,"pct":10},"functions":{"total":3,"covered":0,"skipped":0,"pct":0},"statements":{"total":10,"covered":1,"skipped":0,"pct":10},"branches":{"total":6,"covered":0,"skipped":0,"pct":0}}
,"/Users/shayford/Desktop/Dev/Projects/icb/apps/api/src/modules/cards/domain/mcc.ts": {"lines":{"total":9,"covered":6,"skipped":0,"pct":66.66},"functions":{"total":2,"covered":1,"skipped":0,"pct":50},"statements":{"total":9,"covered":6,"skipped":0,"pct":66.66},"branches":{"total":6,"covered":5,"skipped":0,"pct":83.33}}
,"/Users/shayford/Desktop/Dev/Projects/icb/apps/api/src/modules/cards/domain/pan-cipher.ts": {"lines":{"total":23,"covered":20,"skipped":0,"pct":86.95},"functions":{"total":5,"covered":5,"skipped":0,"pct":100},"statements":{"total":23,"covered":20,"skipped":0,"pct":86.95},"branches":{"total":7,"covered":5,"skipped":0,"pct":71.42}}
,"/Users/shayford/Desktop/Dev/Projects/icb/apps/api/src/modules/cards/domain/pin-policy.ts": {"lines":{"total":14,"covered":14,"skipped":0,"pct":100},"functions":{"total":5,"covered":5,"skipped":0,"pct":100},"statements":{"total":15,"covered":15,"skipped":0,"pct":100},"branches":{"total":15,"covered":14,"skipped":0,"pct":93.33}}
,"/Users/shayford/Desktop/Dev/Projects/icb/apps/api/src/modules/cards/infrastructure/card-authorisation.schemas.ts": {"lines":{"total":29,"covered":29,"skipped":0,"pct":100},"functions":{"total":0,"covered":0,"skipped":0,"pct":100},"statements":{"total":29,"covered":29,"skipped":0,"pct":100},"branches":{"total":4,"covered":2,"skipped":0,"pct":50}}
,"/Users/shayford/Desktop/Dev/Projects/icb/apps/api/src/modules/cards/infrastructure/card.mapper.ts": {"lines":{"total":5,"covered":2,"skipped":0,"pct":40},"functions":{"total":5,"covered":2,"skipped":0,"pct":40},"statements":{"total":5,"covered":2,"skipped":0,"pct":40},"branches":{"total":8,"covered":2,"skipped":0,"pct":25}}
,"/Users/shayford/Desktop/Dev/Projects/icb/apps/api/src/modules/cards/infrastructure/card.schemas.ts": {"lines":{"total":43,"covered":43,"skipped":0,"pct":100},"functions":{"total":0,"covered":0,"skipped":0,"pct":100},"statements":{"total":43,"covered":43,"skipped":0,"pct":100},"branches":{"total":2,"covered":1,"skipped":0,"pct":50}}
,"/Users/shayford/Desktop/Dev/Projects/icb/apps/api/src/modules/content/content-staff.controller.ts": {"lines":{"total":20,"covered":0,"skipped":0,"pct":0},"functions":{"total":16,"covered":0,"skipped":0,"pct":0},"statements":{"total":20,"covered":0,"skipped":0,"pct":0},"branches":{"total":0,"covered":0,"skipped":0,"pct":100}}
,"/Users/shayford/Desktop/Dev/Projects/icb/apps/api/src/modules/content/content.constants.ts": {"lines":{"total":5,"covered":0,"skipped":0,"pct":0},"functions":{"total":0,"covered":0,"skipped":0,"pct":100},"statements":{"total":5,"covered":0,"skipped":0,"pct":0},"branches":{"total":0,"covered":0,"skipped":0,"pct":100}}
[...]
,"/Users/shayford/Desktop/Dev/Projects/icb/apps/api/src/modules/transfers/application/transfer-quote-redemption.service.ts": {"lines":{"total":35,"covered":0,"skipped":0,"pct":0},"functions":{"total":9,"covered":0,"skipped":0,"pct":0},"statements":{"total":35,"covered":0,"skipped":0,"pct":0},"branches":{"total":18,"covered":0,"skipped":0,"pct":0}}
,"/Users/shayford/Desktop/Dev/Projects/icb/apps/api/src/modules/transfers/application/transfer-quotes.service.ts": {"lines":{"total":35,"covered":0,"skipped":0,"pct":0},"functions":{"total":8,"covered":0,"skipped":0,"pct":0},"statements":{"total":35,"covered":0,"skipped":0,"pct":0},"branches":{"total":16,"covered":0,"skipped":0,"pct":0}}
,"/Users/shayford/Desktop/Dev/Projects/icb/apps/api/src/modules/transfers/application/transfer-step-up.service.ts": {"lines":{"total":13,"covered":0,"skipped":0,"pct":0},"functions":{"total":2,"covered":0,"skipped":0,"pct":0},"statements":{"total":13,"covered":0,"skipped":0,"pct":0},"branches":{"total":10,"covered":0,"skipped":0,"pct":0}}
,"/Users/shayford/Desktop/Dev/Projects/icb/apps/api/src/modules/transfers/application/transfer-templates.service.ts": {"lines":{"total":18,"covered":0,"skipped":0,"pct":0},"functions":{"total":7,"covered":0,"skipped":0,"pct":0},"statements":{"total":19,"covered":0,"skipped":0,"pct":0},"branches":{"total":18,"covered":0,"skipped":0,"pct":0}}
,"/Users/shayford/Desktop/Dev/Projects/icb/apps/api/src/modules/transfers/application/use-cases/ach-transfer.use-case.ts": {"lines":{"total":3,"covered":0,"skipped":0,"pct":0},"functions":{"total":1,"covered":0,"skipped":0,"pct":0},"statements":{"total":3,"covered":0,"skipped":0,"pct":0},"branches":{"total":0,"covered":0,"skipped":0,"pct":100}}
,"/Users/shayford/Desktop/Dev/Projects/icb/apps/api/src/modules/transfers/application/use-cases/book-transfer.base.ts": {"lines":{"total":9,"covered":0,"skipped":0,"pct":0},"functions":{"total":3,"covered":0,"skipped":0,"pct":0},"statements":{"total":9,"covered":0,"skipped":0,"pct":0},"branches":{"total":2,"covered":0,"skipped":0,"pct":0}}
,"/Users/shayford/Desktop/Dev/Projects/icb/apps/api/src/modules/transfers/application/use-cases/external-rail-transfer.base.ts": {"lines":{"total":9,"covered":0,"skipped":0,"pct":0},"functions":{"total":3,"covered":0,"skipped":0,"pct":0},"statements":{"total":9,"covered":0,"skipped":0,"pct":0},"branches":{"total":6,"covered":0,"skipped":0,"pct":0}}
,"/Users/shayford/Desktop/Dev/Projects/icb/apps/api/src/modules/transfers/application/use-cases/internal-transfer.use-case.ts": {"lines":{"total":8,"covered":0,"skipped":0,"pct":0},"functions":{"total":2,"covered":0,"skipped":0,"pct":0},"statements":{"total":8,"covered":0,"skipped":0,"pct":0},"branches":{"total":2,"covered":0,"skipped":0,"pct":0}}
,"/Users/shayford/Desktop/Dev/Projects/icb/apps/api/src/modules/transfers/application/use-cases/on-us-transfer.use-case.ts": {"lines":{"total":11,"covered":0,"skipped":0,"pct":0},"functions":{"total":2,"covered":0,"skipped":0,"pct":0},"statements":{"total":11,"covered":0,"skipped":0,"pct":0},"branches":{"total":4,"covered":0,"skipped":0,"pct":0}}
,"/Users/shayford/Desktop/Dev/Projects/icb/apps/api/src/modules/transfers/application/use-cases/posting-lines.ts": {"lines":{"total":7,"covered":0,"skipped":0,"pct":0},"functions":{"total":4,"covered":0,"skipped":0,"pct":0},"statements":{"total":8,"covered":0,"skipped":0,"pct":0},"branches":{"total":4,"covered":0,"skipped":0,"pct":0}}
,"/Users/shayford/Desktop/Dev/Projects/icb/apps/api/src/modules/transfers/application/use-cases/rail-transfer.use-case.ts": {"lines":{"total":1,"covered":0,"skipped":0,"pct":0},"functions":{"total":0,"covered":0,"skipped":0,"pct":100},"statements":{"total":1,"covered":0,"skipped":0,"pct":0},"branches":{"total":0,"covered":0,"skipped":0,"pct":100}}
,"/Users/shayford/Desktop/Dev/Projects/icb/apps/api/src/modules/transfers/application/use-cases/swift-transfer.use-case.ts": {"lines":{"total":3,"covered":0,"skipped":0,"pct":0},"functions":{"total":1,"covered":0,"skipped":0,"pct":0},"statements":{"total":3,"covered":0,"skipped":0,"pct":0},"branches":{"total":0,"covered":0,"skipped":0,"pct":100}}
,"/Users/shayford/Desktop/Dev/Projects/icb/apps/api/src/modules/transfers/application/use-cases/wire-transfer.use-case.ts": {"lines":{"total":3,"covered":0,"skipped":0,"pct":0},"functions":{"total":1,"covered":0,"skipped":0,"pct":0},"statements":{"total":3,"covered":0,"skipped":0,"pct":0},"branches":{"total":0,"covered":0,"skipped":0,"pct":100}}
,"/Users/shayford/Desktop/Dev/Projects/icb/apps/api/src/modules/transfers/domain/bulk-csv.ts": {"lines":{"total":36,"covered":0,"skipped":0,"pct":0},"functions":{"total":13,"covered":0,"skipped":0,"pct":0},"statements":{"total":40,"covered":0,"skipped":0,"pct":0},"branches":{"total":39,"covered":0,"skipped":0,"pct":0}}
,"/Users/shayford/Desktop/Dev/Projects/icb/apps/api/src/modules/transfers/domain/cut-offs.ts": {"lines":{"total":16,"covered":0,"skipped":0,"pct":0},"functions":{"total":4,"covered":0,"skipped":0,"pct":0},"statements":{"total":16,"covered":0,"skipped":0,"pct":0},"branches":{"total":10,"covered":0,"skipped":0,"pct":0}}
,"/Users/shayford/Desktop/Dev/Projects/icb/apps/api/src/modules/transfers/domain/quote-signature.ts": {"lines":{"total":10,"covered":0,"skipped":0,"pct":0},"functions":{"total":7,"covered":0,"skipped":0,"pct":0},"statements":{"total":10,"covered":0,"skipped":0,"pct":0},"branches":{"total":5,"covered":0,"skipped":0,"pct":0}}
,"/Users/shayford/Desktop/Dev/Projects/icb/apps/api/src/modules/transfers/domain/rail-resolver.ts": {"lines":{"total":15,"covered":0,"skipped":0,"pct":0},"functions":{"total":3,"covered":0,"skipped":0,"pct":0},"statements":{"total":15,"covered":0,"skipped":0,"pct":0},"branches":{"total":12,"covered":0,"skipped":0,"pct":0}}
,"/Users/shayford/Desktop/Dev/Projects/icb/apps/api/src/modules/transfers/domain/recipient.ts": {"lines":{"total":9,"covered":0,"skipped":0,"pct":0},"functions":{"total":3,"covered":0,"skipped":0,"pct":0},"statements":{"total":9,"covered":0,"skipped":0,"pct":0},"branches":{"total":12,"covered":0,"skipped":0,"pct":0}}
,"/Users/shayford/Desktop/Dev/Projects/icb/apps/api/src/modules/transfers/domain/rrule.ts": {"lines":{"total":60,"covered":0,"skipped":0,"pct":0},"functions":{"total":9,"covered":0,"skipped":0,"pct":0},"statements":{"total":61,"covered":0,"skipped":0,"pct":0},"branches":{"total":43,"covered":0,"skipped":0,"pct":0}}
,"/Users/shayford/Desktop/Dev/Projects/icb/apps/api/src/modules/transfers/domain/transfer-errors.ts": {"lines":{"total":7,"covered":0,"skipped":0,"pct":0},"functions":{"total":7,"covered":0,"skipped":0,"pct":0},"statements":{"total":7,"covered":0,"skipped":0,"pct":0},"branches":{"total":0,"covered":0,"skipped":0,"pct":100}}
,"/Users/shayford/Desktop/Dev/Projects/icb/apps/api/src/modules/transfers/domain/transfer-fees.ts": {"lines":{"total":7,"covered":0,"skipped":0,"pct":0},"functions":{"total":3,"covered":0,"skipped":0,"pct":0},"statements":{"total":7,"covered":0,"skipped":0,"pct":0},"branches":{"total":2,"covered":0,"skipped":0,"pct":0}}
,"/Users/shayford/Desktop/Dev/Projects/icb/apps/api/src/modules/transfers/domain/transfer-limits.ts": {"lines":{"total":8,"covered":0,"skipped":0,"pct":0},"functions":{"total":3,"covered":0,"skipped":0,"pct":0},"statements":{"total":8,"covered":0,"skipped":0,"pct":0},"branches":{"total":4,"covered":0,"skipped":0,"pct":0}}
,"/Users/shayford/Desktop/Dev/Projects/icb/apps/api/src/modules/transfers/domain/transfers.constants.ts": {"lines":{"total":15,"covered":0,"skipped":0,"pct":0},"functions":{"total":0,"covered":0,"skipped":0,"pct":100},"statements":{"total":15,"covered":0,"skipped":0,"pct":0},"branches":{"total":0,"covered":0,"skipped":0,"pct":100}}
,"/Users/shayford/Desktop/Dev/Projects/icb/apps/api/src/modules/transfers/infrastructure/standing-order.schemas.ts": {"lines":{"total":19,"covered":0,"skipped":0,"pct":0},"functions":{"total":0,"covered":0,"skipped":0,"pct":100},"statements":{"total":19,"covered":0,"skipped":0,"pct":0},"branches":{"total":6,"covered":0,"skipped":0,"pct":0}}
,"/Users/shayford/Desktop/Dev/Projects/icb/apps/api/src/modules/transfers/infrastructure/transfer-query.ts": {"lines":{"total":24,"covered":0,"skipped":0,"pct":0},"functions":{"total":3,"covered":0,"skipped":0,"pct":0},"statements":{"total":24,"covered":0,"skipped":0,"pct":0},"branches":{"total":24,"covered":0,"skipped":0,"pct":0}}
,"/Users/shayford/Desktop/Dev/Projects/icb/apps/api/src/modules/transfers/infrastructure/transfer-quote.mapper.ts": {"lines":{"total":13,"covered":0,"skipped":0,"pct":0},"functions":{"total":8,"covered":0,"skipped":0,"pct":0},"statements":{"total":13,"covered":0,"skipped":0,"pct":0},"branches":{"total":10,"covered":0,"skipped":0,"pct":0}}
,"/Users/shayford/Desktop/Dev/Projects/icb/apps/api/src/modules/transfers/infrastructure/transfer-quote.schemas.ts": {"lines":{"total":29,"covered":0,"skipped":0,"pct":0},"functions":{"total":0,"covered":0,"skipped":0,"pct":100},"statements":{"total":30,"covered":0,"skipped":0,"pct":0},"branches":{"total":12,"covered":0,"skipped":0,"pct":0}}
,"/Users/shayford/Desktop/Dev/Projects/icb/apps/api/src/modules/transfers/infrastructure/transfer-template.schemas.ts": {"lines":{"total":14,"covered":0,"skipped":0,"pct":0},"functions":{"total":0,"covered":0,"skipped":0,"pct":100},"statements":{"total":14,"covered":0,"skipped":0,"pct":0},"branches":{"total":2,"covered":0,"skipped":0,"pct":0}}
,"/Users/shayford/Desktop/Dev/Projects/icb/apps/api/src/modules/transfers/infrastructure/transfer.factory.ts": {"lines":{"total":8,"covered":0,"skipped":0,"pct":0},"functions":{"total":6,"covered":0,"skipped":0,"pct":0},"statements":{"total":8,"covered":0,"skipped":0,"pct":0},"branches":{"total":4,"covered":0,"skipped":0,"pct":0}}
,"/Users/shayford/Desktop/Dev/Projects/icb/apps/api/src/modules/transfers/infrastructure/transfer.mapper.ts": {"lines":{"total":10,"covered":0,"skipped":0,"pct":0},"functions":{"total":6,"covered":0,"skipped":0,"pct":0},"statements":{"total":10,"covered":0,"skipped":0,"pct":0},"branches":{"total":18,"covered":0,"skipped":0,"pct":0}}
,"/Users/shayford/Desktop/Dev/Projects/icb/apps/api/src/modules/transfers/infrastructure/transfer.schemas.ts": {"lines":{"total":62,"covered":0,"skipped":0,"pct":0},"functions":{"total":0,"covered":0,"skipped":0,"pct":100},"statements":{"total":62,"covered":0,"skipped":0,"pct":0},"branches":{"total":8,"covered":0,"skipped":0,"pct":0}}
,"/Users/shayford/Desktop/Dev/Projects/icb/apps/api/src/simulation/clock/clock.service.ts": {"lines":{"total":48,"covered":10,"skipped":0,"pct":20.83},"functions":{"total":19,"covered":5,"skipped":0,"pct":26.31},"statements":{"total":49,"covered":10,"skipped":0,"pct":20.4},"branches":{"total":24,"covered":3,"skipped":0,"pct":12.5}}
,"/Users/shayford/Desktop/Dev/Projects/icb/apps/api/src/simulation/clock/holidays.constants.ts": {"lines":{"total":1,"covered":1,"skipped":0,"pct":100},"functions":{"total":0,"covered":0,"skipped":0,"pct":100},"statements":{"total":1,"covered":1,"skipped":0,"pct":100},"branches":{"total":0,"covered":0,"skipped":0,"pct":100}}
,"/Users/shayford/Desktop/Dev/Projects/icb/apps/api/src/simulation/eod/end-of-day.service.ts": {"lines":{"total":41,"covered":0,"skipped":0,"pct":0},"functions":{"total":9,"covered":0,"skipped":0,"pct":0},"statements":{"total":42,"covered":0,"skipped":0,"pct":0},"branches":{"total":10,"covered":0,"skipped":0,"pct":0}}
,"/Users/shayford/Desktop/Dev/Projects/icb/apps/api/src/simulation/eod/eod.context.ts": {"lines":{"total":10,"covered":0,"skipped":0,"pct":0},"functions":{"total":7,"covered":0,"skipped":0,"pct":0},"statements":{"total":11,"covered":0,"skipped":0,"pct":0},"branches":{"total":4,"covered":0,"skipped":0,"pct":0}}
,"/Users/shayford/Desktop/Dev/Projects/icb/apps/api/src/simulation/eod/eod.steps.ts": {"lines":{"total":11,"covered":0,"skipped":0,"pct":0},"functions":{"total":2,"covered":0,"skipped":0,"pct":0},"statements":{"total":11,"covered":0,"skipped":0,"pct":0},"branches":{"total":0,"covered":0,"skipped":0,"pct":100}}
,"/Users/shayford/Desktop/Dev/Projects/icb/apps/api/src/simulation/eod/index.ts": {"lines":{"total":1,"covered":0,"skipped":0,"pct":0},"functions":{"total":0,"covered":0,"skipped":0,"pct":100},"statements":{"total":1,"covered":0,"skipped":0,"pct":0},"branches":{"total":0,"covered":0,"skipped":0,"pct":100}}
,"/Users/shayford/Desktop/Dev/Projects/icb/apps/api/src/simulation/eod/__tests__/fixtures.ts": {"lines":{"total":10,"covered":0,"skipped":0,"pct":0},"functions":{"total":6,"covered":0,"skipped":0,"pct":0},"statements":{"total":10,"covered":0,"skipped":0,"pct":0},"branches":{"total":1,"covered":0,"skipped":0,"pct":0}}
,"/Users/shayford/Desktop/Dev/Projects/icb/apps/api/src/simulation/eod/infrastructure/eod-report.store.ts": {"lines":{"total":9,"covered":0,"skipped":0,"pct":0},"functions":{"total":5,"covered":0,"skipped":0,"pct":0},"statements":{"total":9,"covered":0,"skipped":0,"pct":0},"branches":{"total":3,"covered":0,"skipped":0,"pct":0}}
,"/Users/shayford/Desktop/Dev/Projects/icb/apps/api/src/simulation/eod/infrastructure/eod.schemas.ts": {"lines":{"total":45,"covered":0,"skipped":0,"pct":0},"functions":{"total":0,"covered":0,"skipped":0,"pct":100},"statements":{"total":45,"covered":0,"skipped":0,"pct":0},"branches":{"total":6,"covered":0,"skipped":0,"pct":0}}
,"/Users/shayford/Desktop/Dev/Projects/icb/apps/api/src/simulation/eod/infrastructure/external-collections.ts": {"lines":{"total":5,"covered":0,"skipped":0,"pct":0},"functions":{"total":4,"covered":0,"skipped":0,"pct":0},"statements":{"total":5,"covered":0,"skipped":0,"pct":0},"branches":{"total":0,"covered":0,"skipped":0,"pct":100}}
,"/Users/shayford/Desktop/Dev/Projects/icb/apps/api/src/simulation/eod/steps/aml-monitoring.step.ts": {"lines":{"total":35,"covered":0,"skipped":0,"pct":0},"functions":{"total":6,"covered":0,"skipped":0,"pct":0},"statements":{"total":35,"covered":0,"skipped":0,"pct":0},"branches":{"total":18,"covered":0,"skipped":0,"pct":0}}
,"/Users/shayford/Desktop/Dev/Projects/icb/apps/api/src/simulation/eod/steps/arrears-ageing.step.ts": {"lines":{"total":20,"covered":0,"skipped":0,"pct":0},"functions":{"total":6,"covered":0,"skipped":0,"pct":0},"statements":{"total":22,"covered":0,"skipped":0,"pct":0},"branches":{"total":13,"covered":0,"skipped":0,"pct":0}}
,"/Users/shayford/Desktop/Dev/Projects/icb/apps/api/src/simulation/eod/steps/fee-assessment.step.ts": {"lines":{"total":44,"covered":0,"skipped":0,"pct":0},"functions":{"total":8,"covered":0,"skipped":0,"pct":0},"statements":{"total":44,"covered":0,"skipped":0,"pct":0},"branches":{"total":22,"covered":0,"skipped":0,"pct":0}}
,"/Users/shayford/Desktop/Dev/Projects/icb/apps/api/src/simulation/eod/steps/hold-expiry.step.ts": {"lines":{"total":8,"covered":0,"skipped":0,"pct":0},"functions":{"total":2,"covered":0,"skipped":0,"pct":0},"statements":{"total":8,"covered":0,"skipped":0,"pct":0},"branches":{"total":4,"covered":0,"skipped":0,"pct":0}}
,"/Users/shayford/Desktop/Dev/Projects/icb/apps/api/src/simulation/eod/steps/interest-accrual.step.ts": {"lines":{"total":45,"covered":0,"skipped":0,"pct":0},"functions":{"total":8,"covered":0,"skipped":0,"pct":0},"statements":{"total":45,"covered":0,"skipped":0,"pct":0},"branches":{"total":14,"covered":0,"skipped":0,"pct":0}}
,"/Users/shayford/Desktop/Dev/Projects/icb/apps/api/src/simulation/eod/steps/rail-settlement.step.ts": {"lines":{"total":30,"covered":0,"skipped":0,"pct":0},"functions":{"total":6,"covered":0,"skipped":0,"pct":0},"statements":{"total":30,"covered":0,"skipped":0,"pct":0},"branches":{"total":8,"covered":0,"skipped":0,"pct":0}}
,"/Users/shayford/Desktop/Dev/Projects/icb/apps/api/src/simulation/eod/steps/statement-generation.step.ts": {"lines":{"total":25,"covered":0,"skipped":0,"pct":0},"functions":{"total":8,"covered":0,"skipped":0,"pct":0},"statements":{"total":27,"covered":0,"skipped":0,"pct":0},"branches":{"total":8,"covered":0,"skipped":0,"pct":0}}
,"/Users/shayford/Desktop/Dev/Projects/icb/apps/api/src/simulation/eod/steps/statement-period.ts": {"lines":{"total":5,"covered":0,"skipped":0,"pct":0},"functions":{"total":1,"covered":0,"skipped":0,"pct":0},"statements":{"total":5,"covered":0,"skipped":0,"pct":0},"branches":{"total":0,"covered":0,"skipped":0,"pct":100}}
,"/Users/shayford/Desktop/Dev/Projects/icb/apps/api/src/simulation/rails/ach.rail.ts": {"lines":{"total":13,"covered":0,"skipped":0,"pct":0},"functions":{"total":2,"covered":0,"skipped":0,"pct":0},"statements":{"total":13,"covered":0,"skipped":0,"pct":0},"branches":{"total":2,"covered":0,"skipped":0,"pct":0}}
,"/Users/shayford/Desktop/Dev/Projects/icb/apps/api/src/simulation/rails/card-network.rail.ts": {"lines":{"total":16,"covered":0,"skipped":0,"pct":0},"functions":{"total":2,"covered":0,"skipped":0,"pct":0},"statements":{"total":16,"covered":0,"skipped":0,"pct":0},"branches":{"total":8,"covered":0,"skipped":0,"pct":0}}
,"/Users/shayford/Desktop/Dev/Projects/icb/apps/api/src/simulation/rails/index.ts": {"lines":{"total":2,"covered":0,"skipped":0,"pct":0},"functions":{"total":1,"covered":0,"skipped":0,"pct":0},"statements":{"total":2,"covered":0,"skipped":0,"pct":0},"branches":{"total":0,"covered":0,"skipped":0,"pct":100}}
,"/Users/shayford/Desktop/Dev/Projects/icb/apps/api/src/simulation/rails/internal.rail.ts": {"lines":{"total":11,"covered":0,"skipped":0,"pct":0},"functions":{"total":2,"covered":0,"skipped":0,"pct":0},"statements":{"total":11,"covered":0,"skipped":0,"pct":0},"branches":{"total":2,"covered":0,"skipped":0,"pct":0}}
,"/Users/shayford/Desktop/Dev/Projects/icb/apps/api/src/simulation/rails/rail-codes.ts": {"lines":{"total":7,"covered":0,"skipped":0,"pct":0},"functions":{"total":0,"covered":0,"skipped":0,"pct":100},"statements":{"total":7,"covered":0,"skipped":0,"pct":0},"branches":{"total":0,"covered":0,"skipped":0,"pct":100}}
,"/Users/shayford/Desktop/Dev/Projects/icb/apps/api/src/simulation/rails/rail-sampling.ts": {"lines":{"total":24,"covered":0,"skipped":0,"pct":0},"functions":{"total":9,"covered":0,"skipped":0,"pct":0},"statements":{"total":26,"covered":0,"skipped":0,"pct":0},"branches":{"total":12,"covered":0,"skipped":0,"pct":0}}
,"/Users/shayford/Desktop/Dev/Projects/icb/apps/api/src/simulation/rails/rail.registry.ts": {"lines":{"total":57,"covered":0,"skipped":0,"pct":0},"functions":{"total":21,"covered":0,"skipped":0,"pct":0},"statements":{"total":64,"covered":0,"skipped":0,"pct":0},"branches":{"total":48,"covered":0,"skipped":0,"pct":0}}
,"/Users/shayford/Desktop/Dev/Projects/icb/apps/api/src/simulation/rails/rail.tokens.ts": {"lines":{"total":1,"covered":0,"skipped":0,"pct":0},"functions":{"total":0,"covered":0,"skipped":0,"pct":100},"statements":{"total":1,"covered":0,"skipped":0,"pct":0},"branches":{"total":0,"covered":0,"skipped":0,"pct":100}}
,"/Users/shayford/Desktop/Dev/Projects/icb/apps/api/src/simulation/rails/rail.types.ts": {"lines":{"total":0,"covered":0,"skipped":0,"pct":100},"functions":{"total":0,"covered":0,"skipped":0,"pct":100},"statements":{"total":0,"covered":0,"skipped":0,"pct":100},"branches":{"total":0,"covered":0,"skipped":0,"pct":100}}
,"/Users/shayford/Desktop/Dev/Projects/icb/apps/api/src/simulation/rails/swift.rail.ts": {"lines":{"total":22,"covered":0,"skipped":0,"pct":0},"functions":{"total":3,"covered":0,"skipped":0,"pct":0},"statements":{"total":23,"covered":0,"skipped":0,"pct":0},"branches":{"total":10,"covered":0,"skipped":0,"pct":0}}
,"/Users/shayford/Desktop/Dev/Projects/icb/apps/api/src/simulation/rails/wire.rail.ts": {"lines":{"total":13,"covered":0,"skipped":0,"pct":0},"functions":{"total":3,"covered":0,"skipped":0,"pct":0},"statements":{"total":13,"covered":0,"skipped":0,"pct":0},"branches":{"total":2,"covered":0,"skipped":0,"pct":0}}
}
